{"/home/travis/build/npmtest/node-npmtest-couchbase/test.js":{"path":"/home/travis/build/npmtest/node-npmtest-couchbase/test.js","s":{"1":2,"2":2,"3":2,"4":2,"5":2,"6":2,"7":2,"8":1,"9":2,"10":2,"11":1,"12":1,"13":1,"14":1,"15":2,"16":2,"17":2,"18":2,"19":1,"20":1,"21":2,"22":2,"23":2,"24":1,"25":1,"26":1,"27":1,"28":1,"29":1,"30":1,"31":1,"32":1,"33":1,"34":1,"35":1,"36":1,"37":1,"38":1,"39":2,"40":2,"41":1,"42":2,"43":2,"44":1,"45":2,"46":2,"47":1,"48":2,"49":2,"50":1,"51":1,"52":1,"53":1,"54":1},"b":{"1":[2,1,1,1],"2":[1,1,1,1],"3":[1,1],"4":[1,1],"5":[1,1],"6":[1,1],"7":[1,1],"8":[1,1],"9":[1,1],"10":[1,1,1],"11":[1,1],"12":[1,1],"13":[1,1],"14":[1,1],"15":[1,1],"16":[1,1],"17":[1,1]},"f":{"1":2,"2":2,"3":2,"4":2,"5":2,"6":1,"7":1,"8":1,"9":2,"10":2,"11":2,"12":2,"13":1},"fnMap":{"1":{"name":"(anonymous_1)","line":12,"loc":{"start":{"line":12,"column":1},"end":{"line":12,"column":13}}},"2":{"name":"(anonymous_2)","line":19,"loc":{"start":{"line":19,"column":5},"end":{"line":19,"column":17}}},"3":{"name":"(anonymous_3)","line":23,"loc":{"start":{"line":23,"column":24},"end":{"line":23,"column":36}}},"4":{"name":"(anonymous_4)","line":61,"loc":{"start":{"line":61,"column":5},"end":{"line":61,"column":17}}},"5":{"name":"(anonymous_5)","line":82,"loc":{"start":{"line":82,"column":5},"end":{"line":82,"column":17}}},"6":{"name":"(anonymous_6)","line":91,"loc":{"start":{"line":91,"column":77},"end":{"line":94,"column":10}}},"7":{"name":"(anonymous_7)","line":112,"loc":{"start":{"line":112,"column":83},"end":{"line":115,"column":10}},"skip":true},"8":{"name":"(anonymous_8)","line":123,"loc":{"start":{"line":123,"column":77},"end":{"line":126,"column":10}},"skip":true},"9":{"name":"(anonymous_9)","line":139,"loc":{"start":{"line":139,"column":12},"end":{"line":139,"column":40}},"skip":true},"10":{"name":"(anonymous_10)","line":147,"loc":{"start":{"line":147,"column":77},"end":{"line":150,"column":10}},"skip":true},"11":{"name":"(anonymous_11)","line":158,"loc":{"start":{"line":158,"column":83},"end":{"line":161,"column":10}},"skip":true},"12":{"name":"(anonymous_12)","line":169,"loc":{"start":{"line":169,"column":79},"end":{"line":172,"column":10}},"skip":true},"13":{"name":"(anonymous_13)","line":180,"loc":{"start":{"line":180,"column":75},"end":{"line":183,"column":10}},"skip":true}},"statementMap":{"1":{"start":{"line":12,"column":0},"end":{"line":195,"column":5}},"2":{"start":{"line":14,"column":4},"end":{"line":14,"column":14}},"3":{"start":{"line":19,"column":4},"end":{"line":56,"column":9}},"4":{"start":{"line":21,"column":8},"end":{"line":21,"column":19}},"5":{"start":{"line":23,"column":8},"end":{"line":35,"column":13}},"6":{"start":{"line":24,"column":12},"end":{"line":34,"column":13}},"7":{"start":{"line":25,"column":16},"end":{"line":28,"column":30}},"8":{"start":{"line":30,"column":16},"end":{"line":33,"column":27}},"9":{"start":{"line":37,"column":8},"end":{"line":39,"column":21}},"10":{"start":{"line":40,"column":8},"end":{"line":53,"column":9}},"11":{"start":{"line":43,"column":12},"end":{"line":46,"column":14}},"12":{"start":{"line":47,"column":12},"end":{"line":47,"column":18}},"13":{"start":{"line":50,"column":12},"end":{"line":51,"column":46}},"14":{"start":{"line":52,"column":12},"end":{"line":52,"column":18}},"15":{"start":{"line":55,"column":8},"end":{"line":55,"column":35}},"16":{"start":{"line":61,"column":4},"end":{"line":63,"column":9}},"17":{"start":{"line":62,"column":8},"end":{"line":62,"column":15}},"18":{"start":{"line":64,"column":4},"end":{"line":77,"column":5}},"19":{"start":{"line":70,"column":8},"end":{"line":70,"column":14}},"20":{"start":{"line":76,"column":8},"end":{"line":76,"column":14}},"21":{"start":{"line":82,"column":4},"end":{"line":84,"column":9}},"22":{"start":{"line":83,"column":8},"end":{"line":83,"column":15}},"23":{"start":{"line":85,"column":4},"end":{"line":194,"column":5}},"24":{"start":{"line":91,"column":8},"end":{"line":99,"column":10}},"25":{"start":{"line":98,"column":12},"end":{"line":98,"column":35}},"26":{"start":{"line":102,"column":8},"end":{"line":104,"column":63}},"27":{"start":{"line":105,"column":8},"end":{"line":105,"column":14}},"28":{"start":{"line":112,"column":8},"end":{"line":121,"column":10},"skip":true},"29":{"start":{"line":119,"column":12},"end":{"line":119,"column":55},"skip":true},"30":{"start":{"line":120,"column":12},"end":{"line":120,"column":48},"skip":true},"31":{"start":{"line":123,"column":8},"end":{"line":136,"column":10},"skip":true},"32":{"start":{"line":130,"column":12},"end":{"line":130,"column":76},"skip":true},"33":{"start":{"line":131,"column":12},"end":{"line":131,"column":73},"skip":true},"34":{"start":{"line":132,"column":12},"end":{"line":132,"column":74},"skip":true},"35":{"start":{"line":133,"column":12},"end":{"line":133,"column":79},"skip":true},"36":{"start":{"line":134,"column":12},"end":{"line":134,"column":25},"skip":true},"37":{"start":{"line":135,"column":12},"end":{"line":135,"column":45},"skip":true},"38":{"start":{"line":138,"column":8},"end":{"line":145,"column":14},"skip":true},"39":{"start":{"line":143,"column":16},"end":{"line":143,"column":29},"skip":true},"40":{"start":{"line":144,"column":16},"end":{"line":144,"column":55},"skip":true},"41":{"start":{"line":147,"column":8},"end":{"line":156,"column":10},"skip":true},"42":{"start":{"line":154,"column":12},"end":{"line":154,"column":25},"skip":true},"43":{"start":{"line":155,"column":12},"end":{"line":155,"column":45},"skip":true},"44":{"start":{"line":158,"column":8},"end":{"line":167,"column":10},"skip":true},"45":{"start":{"line":165,"column":12},"end":{"line":165,"column":25},"skip":true},"46":{"start":{"line":166,"column":12},"end":{"line":166,"column":48},"skip":true},"47":{"start":{"line":169,"column":8},"end":{"line":178,"column":10},"skip":true},"48":{"start":{"line":176,"column":12},"end":{"line":176,"column":25},"skip":true},"49":{"start":{"line":177,"column":12},"end":{"line":177,"column":46},"skip":true},"50":{"start":{"line":180,"column":8},"end":{"line":189,"column":10},"skip":true},"51":{"start":{"line":187,"column":12},"end":{"line":187,"column":94},"skip":true},"52":{"start":{"line":188,"column":12},"end":{"line":188,"column":48},"skip":true},"53":{"start":{"line":192,"column":8},"end":{"line":192,"column":35},"skip":true},"54":{"start":{"line":193,"column":8},"end":{"line":193,"column":14},"skip":true}},"branchMap":{"1":{"line":25,"type":"binary-expr","locations":[{"start":{"line":25,"column":23},"end":{"line":25,"column":62}},{"start":{"line":26,"column":20},"end":{"line":26,"column":70}},{"start":{"line":27,"column":20},"end":{"line":27,"column":71}},{"start":{"line":28,"column":20},"end":{"line":28,"column":29}}]},"2":{"line":30,"type":"binary-expr","locations":[{"start":{"line":30,"column":23},"end":{"line":30,"column":37}},{"start":{"line":31,"column":20},"end":{"line":31,"column":61}},{"start":{"line":32,"column":20},"end":{"line":32,"column":70}},{"start":{"line":33,"column":20},"end":{"line":33,"column":26}}]},"3":{"line":37,"type":"cond-expr","locations":[{"start":{"line":38,"column":14},"end":{"line":38,"column":20}},{"start":{"line":39,"column":14},"end":{"line":39,"column":20}}]},"4":{"line":40,"type":"switch","locations":[{"start":{"line":42,"column":8},"end":{"line":47,"column":18}},{"start":{"line":49,"column":8},"end":{"line":52,"column":18}}]},"5":{"line":44,"type":"binary-expr","locations":[{"start":{"line":44,"column":16},"end":{"line":44,"column":44}},{"start":{"line":44,"column":48},"end":{"line":44,"column":66}}]},"6":{"line":50,"type":"binary-expr","locations":[{"start":{"line":50,"column":21},"end":{"line":50,"column":49}},{"start":{"line":50,"column":53},"end":{"line":50,"column":72}}]},"7":{"line":64,"type":"switch","locations":[{"start":{"line":69,"column":4},"end":{"line":70,"column":14}},{"start":{"line":75,"column":4},"end":{"line":76,"column":14}}]},"8":{"line":85,"type":"switch","locations":[{"start":{"line":90,"column":4},"end":{"line":105,"column":14}},{"start":{"line":111,"column":4},"end":{"line":193,"column":14},"skip":true}]},"9":{"line":91,"type":"binary-expr","locations":[{"start":{"line":91,"column":42},"end":{"line":91,"column":73}},{"start":{"line":91,"column":77},"end":{"line":99,"column":9}}]},"10":{"line":102,"type":"binary-expr","locations":[{"start":{"line":102,"column":18},"end":{"line":102,"column":32}},{"start":{"line":103,"column":12},"end":{"line":103,"column":53}},{"start":{"line":104,"column":12},"end":{"line":104,"column":61}}]},"11":{"line":112,"type":"binary-expr","locations":[{"start":{"line":112,"column":45},"end":{"line":112,"column":79},"skip":true},{"start":{"line":112,"column":83},"end":{"line":121,"column":9},"skip":true}]},"12":{"line":123,"type":"binary-expr","locations":[{"start":{"line":123,"column":42},"end":{"line":123,"column":73},"skip":true},{"start":{"line":123,"column":77},"end":{"line":136,"column":9},"skip":true}]},"13":{"line":138,"type":"binary-expr","locations":[{"start":{"line":138,"column":48},"end":{"line":138,"column":85},"skip":true},{"start":{"line":139,"column":12},"end":{"line":145,"column":13},"skip":true}]},"14":{"line":147,"type":"binary-expr","locations":[{"start":{"line":147,"column":42},"end":{"line":147,"column":73},"skip":true},{"start":{"line":147,"column":77},"end":{"line":156,"column":9},"skip":true}]},"15":{"line":158,"type":"binary-expr","locations":[{"start":{"line":158,"column":45},"end":{"line":158,"column":79},"skip":true},{"start":{"line":158,"column":83},"end":{"line":167,"column":9},"skip":true}]},"16":{"line":169,"type":"binary-expr","locations":[{"start":{"line":169,"column":43},"end":{"line":169,"column":75},"skip":true},{"start":{"line":169,"column":79},"end":{"line":178,"column":9},"skip":true}]},"17":{"line":180,"type":"binary-expr","locations":[{"start":{"line":180,"column":41},"end":{"line":180,"column":71},"skip":true},{"start":{"line":180,"column":75},"end":{"line":189,"column":9},"skip":true}]}},"code":["/* istanbul instrument in package npmtest_couchbase */","/*jslint","    bitwise: true,","    browser: true,","    maxerr: 8,","    maxlen: 96,","    node: true,","    nomen: true,","    regexp: true,","    stupid: true","*/","(function () {","    'use strict';","    var local;","","","","    // run shared js-env code - pre-init","    (function () {","        // init local","        local = {};","        // init modeJs","        local.modeJs = (function () {","            try {","                return typeof navigator.userAgent === 'string' &&","                    typeof document.querySelector('body') === 'object' &&","                    typeof XMLHttpRequest.prototype.open === 'function' &&","                    'browser';","            } catch (errorCaughtBrowser) {","                return module.exports &&","                    typeof process.versions.node === 'string' &&","                    typeof require('http').createServer === 'function' &&","                    'node';","            }","        }());","        // init global","        local.global = local.modeJs === 'browser'","            ? window","            : global;","        switch (local.modeJs) {","        // re-init local from window.local","        case 'browser':","            local = local.global.utility2.objectSetDefault(","                local.global.utility2_rollup || local.global.local,","                local.global.utility2","            );","            break;","        // re-init local from example.js","        case 'node':","            local = (local.global.utility2_rollup || require('utility2'))","                .requireExampleJsFromReadme();","            break;","        }","        // export local","        local.global.local = local;","    }());","","","","    // run shared js-env code - function","    (function () {","        return;","    }());","    switch (local.modeJs) {","","","","    // run browser js-env code - function","    case 'browser':","        break;","","","","    // run node js-env code - function","    case 'node':","        break;","    }","","","","    // run shared js-env code - post-init","    (function () {","        return;","    }());","    switch (local.modeJs) {","","","","    // run browser js-env code - post-init","    case 'browser':","        local.testCase_browser_nullCase = local.testCase_browser_nullCase || function (","            options,","            onError","        ) {","        /*","         * this function will test browsers's null-case handling-behavior-behavior","         */","            onError(null, options);","        };","","        // run tests","        local.nop(local.modeTest &&","            document.querySelector('#testRunButton1') &&","            document.querySelector('#testRunButton1').click());","        break;","","","","    // run node js-env code - post-init","    /* istanbul ignore next */","    case 'node':","        local.testCase_buildApidoc_default = local.testCase_buildApidoc_default || function (","            options,","            onError","        ) {","        /*","         * this function will test buildApidoc's default handling-behavior-behavior","         */","            options = { modulePathList: module.paths };","            local.buildApidoc(options, onError);","        };","","        local.testCase_buildApp_default = local.testCase_buildApp_default || function (","            options,","            onError","        ) {","        /*","         * this function will test buildApp's default handling-behavior-behavior","         */","            local.testCase_buildReadme_default(options, local.onErrorThrow);","            local.testCase_buildLib_default(options, local.onErrorThrow);","            local.testCase_buildTest_default(options, local.onErrorThrow);","            local.testCase_buildCustomOrg_default(options, local.onErrorThrow);","            options = [];","            local.buildApp(options, onError);","        };","","        local.testCase_buildCustomOrg_default = local.testCase_buildCustomOrg_default ||","            function (options, onError) {","            /*","             * this function will test buildCustomOrg's default handling-behavior","             */","                options = {};","                local.buildCustomOrg(options, onError);","            };","","        local.testCase_buildLib_default = local.testCase_buildLib_default || function (","            options,","            onError","        ) {","        /*","         * this function will test buildLib's default handling-behavior","         */","            options = {};","            local.buildLib(options, onError);","        };","","        local.testCase_buildReadme_default = local.testCase_buildReadme_default || function (","            options,","            onError","        ) {","        /*","         * this function will test buildReadme's default handling-behavior-behavior","         */","            options = {};","            local.buildReadme(options, onError);","        };","","        local.testCase_buildTest_default = local.testCase_buildTest_default || function (","            options,","            onError","        ) {","        /*","         * this function will test buildTest's default handling-behavior","         */","            options = {};","            local.buildTest(options, onError);","        };","","        local.testCase_webpage_default = local.testCase_webpage_default || function (","            options,","            onError","        ) {","        /*","         * this function will test webpage's default handling-behavior","         */","            options = { modeCoverageMerge: true, url: local.serverLocalHost + '?modeTest=1' };","            local.browserTest(options, onError);","        };","","        // run test-server","        local.testRunServer(local);","        break;","    }","}());",""],"l":{"12":2,"14":2,"19":2,"21":2,"23":2,"24":2,"25":2,"30":1,"37":2,"40":2,"43":1,"47":1,"50":1,"52":1,"55":2,"61":2,"62":2,"64":2,"70":1,"76":1,"82":2,"83":2,"85":2,"91":1,"98":1,"102":1,"105":1,"112":1,"119":1,"120":1,"123":1,"130":1,"131":1,"132":1,"133":1,"134":1,"135":1,"138":1,"143":2,"144":2,"147":1,"154":2,"155":2,"158":1,"165":2,"166":2,"169":1,"176":2,"177":2,"180":1,"187":1,"188":1,"192":1,"193":1}},"/home/travis/build/npmtest/node-npmtest-couchbase/lib.npmtest_couchbase.js":{"path":"/home/travis/build/npmtest/node-npmtest-couchbase/lib.npmtest_couchbase.js","s":{"1":2,"2":2,"3":2,"4":2,"5":2,"6":2,"7":2,"8":1,"9":2,"10":2,"11":2,"12":2,"13":1,"14":1,"15":1,"16":1},"b":{"1":[2,1,1,1],"2":[1,1,1,1],"3":[1,1],"4":[2,2],"5":[1,1]},"f":{"1":2,"2":2,"3":2},"fnMap":{"1":{"name":"(anonymous_1)","line":12,"loc":{"start":{"line":12,"column":1},"end":{"line":12,"column":13}}},"2":{"name":"(anonymous_2)","line":19,"loc":{"start":{"line":19,"column":5},"end":{"line":19,"column":17}}},"3":{"name":"(anonymous_3)","line":23,"loc":{"start":{"line":23,"column":24},"end":{"line":23,"column":36}}}},"statementMap":{"1":{"start":{"line":12,"column":0},"end":{"line":53,"column":5}},"2":{"start":{"line":14,"column":4},"end":{"line":14,"column":14}},"3":{"start":{"line":19,"column":4},"end":{"line":52,"column":9}},"4":{"start":{"line":21,"column":8},"end":{"line":21,"column":19}},"5":{"start":{"line":23,"column":8},"end":{"line":35,"column":13}},"6":{"start":{"line":24,"column":12},"end":{"line":34,"column":13}},"7":{"start":{"line":25,"column":16},"end":{"line":28,"column":30}},"8":{"start":{"line":30,"column":16},"end":{"line":33,"column":27}},"9":{"start":{"line":37,"column":8},"end":{"line":39,"column":21}},"10":{"start":{"line":41,"column":8},"end":{"line":41,"column":54}},"11":{"start":{"line":43,"column":8},"end":{"line":43,"column":54}},"12":{"start":{"line":45,"column":8},"end":{"line":51,"column":9}},"13":{"start":{"line":46,"column":12},"end":{"line":46,"column":60}},"14":{"start":{"line":48,"column":12},"end":{"line":48,"column":35}},"15":{"start":{"line":49,"column":12},"end":{"line":49,"column":49}},"16":{"start":{"line":50,"column":12},"end":{"line":50,"column":43}}},"branchMap":{"1":{"line":25,"type":"binary-expr","locations":[{"start":{"line":25,"column":23},"end":{"line":25,"column":62}},{"start":{"line":26,"column":20},"end":{"line":26,"column":70}},{"start":{"line":27,"column":20},"end":{"line":27,"column":71}},{"start":{"line":28,"column":20},"end":{"line":28,"column":29}}]},"2":{"line":30,"type":"binary-expr","locations":[{"start":{"line":30,"column":23},"end":{"line":30,"column":37}},{"start":{"line":31,"column":20},"end":{"line":31,"column":61}},{"start":{"line":32,"column":20},"end":{"line":32,"column":70}},{"start":{"line":33,"column":20},"end":{"line":33,"column":26}}]},"3":{"line":37,"type":"cond-expr","locations":[{"start":{"line":38,"column":14},"end":{"line":38,"column":20}},{"start":{"line":39,"column":14},"end":{"line":39,"column":20}}]},"4":{"line":41,"type":"binary-expr","locations":[{"start":{"line":41,"column":16},"end":{"line":41,"column":44}},{"start":{"line":41,"column":48},"end":{"line":41,"column":53}}]},"5":{"line":45,"type":"if","locations":[{"start":{"line":45,"column":8},"end":{"line":45,"column":8}},{"start":{"line":45,"column":8},"end":{"line":45,"column":8}}]}},"code":["/* istanbul instrument in package npmtest_couchbase */","/*jslint","    bitwise: true,","    browser: true,","    maxerr: 8,","    maxlen: 96,","    node: true,","    nomen: true,","    regexp: true,","    stupid: true","*/","(function () {","    'use strict';","    var local;","","","","    // run shared js-env code - pre-init","    (function () {","        // init local","        local = {};","        // init modeJs","        local.modeJs = (function () {","            try {","                return typeof navigator.userAgent === 'string' &&","                    typeof document.querySelector('body') === 'object' &&","                    typeof XMLHttpRequest.prototype.open === 'function' &&","                    'browser';","            } catch (errorCaughtBrowser) {","                return module.exports &&","                    typeof process.versions.node === 'string' &&","                    typeof require('http').createServer === 'function' &&","                    'node';","            }","        }());","        // init global","        local.global = local.modeJs === 'browser'","            ? window","            : global;","        // init utility2_rollup","        local = local.global.utility2_rollup || local;","        // init lib","        local.local = local.npmtest_couchbase = local;","        // init exports","        if (local.modeJs === 'browser') {","            local.global.utility2_npmtest_couchbase = local;","        } else {","            module.exports = local;","            module.exports.__dirname = __dirname;","            module.exports.module = module;","        }","    }());","}());",""],"l":{"12":2,"14":2,"19":2,"21":2,"23":2,"24":2,"25":2,"30":1,"37":2,"41":2,"43":2,"45":2,"46":1,"48":1,"49":1,"50":1}},"/home/travis/build/npmtest/node-npmtest-couchbase/example.js":{"path":"/home/travis/build/npmtest/node-npmtest-couchbase/example.js","s":{"1":2,"2":2,"3":2,"4":2,"5":2,"6":2,"7":2,"8":1,"9":2,"10":2,"11":2,"12":2,"13":1,"14":2,"15":2,"16":2,"17":2,"18":2,"19":0,"20":2,"21":1,"22":1,"23":1,"24":1,"25":1,"26":0,"27":0,"28":1,"29":1,"30":2,"31":0,"32":0,"33":0,"34":1,"35":2,"36":2,"37":3,"38":3,"39":3,"40":3,"41":0,"42":3,"43":3,"44":3,"45":1,"46":3,"47":1,"48":1,"49":1,"50":1,"51":1,"52":1,"53":1,"54":1,"55":1,"56":1,"57":0,"58":1,"59":6,"60":6,"61":1,"62":2,"63":0,"64":2,"65":1,"66":1,"67":0,"68":0,"69":0,"70":0,"71":0,"72":0,"73":0,"74":0,"75":0,"76":0,"77":0,"78":0,"79":0,"80":0,"81":0,"82":0,"83":0},"b":{"1":[2,1,1,1],"2":[1,1,1,1],"3":[1,1],"4":[2,2],"5":[1,1],"6":[1,1],"7":[2,0],"8":[2,1,1,1,1,1],"9":[0,2,0],"10":[1,1],"11":[2,1,1],"12":[1,0],"13":[0,2],"14":[2,0,0,0,0,0,0],"15":[0,3],"16":[3,0],"17":[1,1],"18":[0,1],"19":[1,2,0,2],"20":[1,0],"21":[1,1],"22":[0,0],"23":[0,0],"24":[0,0],"25":[0,0],"26":[0,0],"27":[0,0],"28":[0,0]},"f":{"1":2,"2":2,"3":2,"4":2,"5":2,"6":2,"7":3,"8":3,"9":3,"10":1,"11":6,"12":0},"fnMap":{"1":{"name":"(anonymous_1)","line":26,"loc":{"start":{"line":26,"column":1},"end":{"line":26,"column":13}}},"2":{"name":"(anonymous_2)","line":33,"loc":{"start":{"line":33,"column":5},"end":{"line":33,"column":17}}},"3":{"name":"(anonymous_3)","line":37,"loc":{"start":{"line":37,"column":24},"end":{"line":37,"column":36}}},"4":{"name":"(anonymous_4)","line":69,"loc":{"start":{"line":69,"column":31},"end":{"line":69,"column":48}},"skip":true},"5":{"name":"(anonymous_5)","line":78,"loc":{"start":{"line":78,"column":26},"end":{"line":78,"column":45}},"skip":true},"6":{"name":"(anonymous_6)","line":123,"loc":{"start":{"line":123,"column":33},"end":{"line":123,"column":48}},"skip":true},"7":{"name":"(anonymous_7)","line":125,"loc":{"start":{"line":125,"column":27},"end":{"line":125,"column":39}},"skip":true},"8":{"name":"(anonymous_8)","line":133,"loc":{"start":{"line":133,"column":59},"end":{"line":133,"column":74}},"skip":true},"9":{"name":"(anonymous_9)","line":143,"loc":{"start":{"line":143,"column":45},"end":{"line":143,"column":62}},"skip":true},"10":{"name":"(anonymous_10)","line":144,"loc":{"start":{"line":144,"column":73},"end":{"line":144,"column":92}},"skip":true},"11":{"name":"(anonymous_11)","line":272,"loc":{"start":{"line":272,"column":51},"end":{"line":272,"column":77}},"skip":true},"12":{"name":"(anonymous_12)","line":315,"loc":{"start":{"line":315,"column":32},"end":{"line":315,"column":61}},"skip":true}},"statementMap":{"1":{"start":{"line":26,"column":0},"end":{"line":326,"column":5}},"2":{"start":{"line":28,"column":4},"end":{"line":28,"column":14}},"3":{"start":{"line":33,"column":4},"end":{"line":60,"column":9}},"4":{"start":{"line":35,"column":8},"end":{"line":35,"column":19}},"5":{"start":{"line":37,"column":8},"end":{"line":49,"column":13}},"6":{"start":{"line":38,"column":12},"end":{"line":48,"column":13}},"7":{"start":{"line":39,"column":16},"end":{"line":42,"column":30}},"8":{"start":{"line":44,"column":16},"end":{"line":47,"column":27}},"9":{"start":{"line":51,"column":8},"end":{"line":53,"column":21}},"10":{"start":{"line":55,"column":8},"end":{"line":57,"column":45}},"11":{"start":{"line":59,"column":8},"end":{"line":59,"column":35}},"12":{"start":{"line":61,"column":4},"end":{"line":325,"column":5}},"13":{"start":{"line":69,"column":8},"end":{"line":121,"column":10},"skip":true},"14":{"start":{"line":70,"column":12},"end":{"line":88,"column":13},"skip":true},"15":{"start":{"line":76,"column":16},"end":{"line":87,"column":19},"skip":true},"16":{"start":{"line":79,"column":20},"end":{"line":86,"column":21},"skip":true},"17":{"start":{"line":82,"column":24},"end":{"line":82,"column":43},"skip":true},"18":{"start":{"line":83,"column":24},"end":{"line":83,"column":30},"skip":true},"19":{"start":{"line":85,"column":24},"end":{"line":85,"column":49},"skip":true},"20":{"start":{"line":89,"column":12},"end":{"line":107,"column":13},"skip":true},"21":{"start":{"line":92,"column":16},"end":{"line":102,"column":17},"skip":true},"22":{"start":{"line":93,"column":20},"end":{"line":93,"column":86},"skip":true},"23":{"start":{"line":94,"column":20},"end":{"line":95,"column":45},"skip":true},"24":{"start":{"line":96,"column":20},"end":{"line":96,"column":42},"skip":true},"25":{"start":{"line":97,"column":20},"end":{"line":97,"column":48},"skip":true},"26":{"start":{"line":100,"column":20},"end":{"line":100,"column":85},"skip":true},"27":{"start":{"line":101,"column":20},"end":{"line":101,"column":96},"skip":true},"28":{"start":{"line":103,"column":16},"end":{"line":103,"column":22},"skip":true},"29":{"start":{"line":106,"column":16},"end":{"line":106,"column":22},"skip":true},"30":{"start":{"line":108,"column":12},"end":{"line":120,"column":13},"skip":true},"31":{"start":{"line":114,"column":16},"end":{"line":119,"column":17},"skip":true},"32":{"start":{"line":116,"column":20},"end":{"line":116,"column":78},"skip":true},"33":{"start":{"line":118,"column":20},"end":{"line":118,"column":47},"skip":true},"34":{"start":{"line":123,"column":8},"end":{"line":141,"column":11},"skip":true},"35":{"start":{"line":124,"column":12},"end":{"line":124,"column":54},"skip":true},"36":{"start":{"line":125,"column":12},"end":{"line":140,"column":14},"skip":true},"37":{"start":{"line":126,"column":16},"end":{"line":126,"column":28},"skip":true},"38":{"start":{"line":127,"column":16},"end":{"line":127,"column":69},"skip":true},"39":{"start":{"line":128,"column":16},"end":{"line":128,"column":75},"skip":true},"40":{"start":{"line":129,"column":16},"end":{"line":131,"column":17},"skip":true},"41":{"start":{"line":130,"column":20},"end":{"line":130,"column":27},"skip":true},"42":{"start":{"line":133,"column":16},"end":{"line":137,"column":36},"skip":true},"43":{"start":{"line":134,"column":20},"end":{"line":136,"column":55},"skip":true},"44":{"start":{"line":139,"column":16},"end":{"line":139,"column":57},"skip":true},"45":{"start":{"line":143,"column":8},"end":{"line":147,"column":11},"skip":true},"46":{"start":{"line":144,"column":12},"end":{"line":146,"column":15},"skip":true},"47":{"start":{"line":145,"column":16},"end":{"line":145,"column":70},"skip":true},"48":{"start":{"line":149,"column":8},"end":{"line":149,"column":31},"skip":true},"49":{"start":{"line":150,"column":8},"end":{"line":150,"column":14},"skip":true},"50":{"start":{"line":158,"column":8},"end":{"line":158,"column":31},"skip":true},"51":{"start":{"line":160,"column":8},"end":{"line":160,"column":33},"skip":true},"52":{"start":{"line":161,"column":8},"end":{"line":161,"column":37},"skip":true},"53":{"start":{"line":162,"column":8},"end":{"line":162,"column":35},"skip":true},"54":{"start":{"line":164,"column":8},"end":{"line":164,"column":50},"skip":true},"55":{"start":{"line":166,"column":8},"end":{"line":256,"column":2},"skip":true},"56":{"start":{"line":258,"column":8},"end":{"line":286,"column":9},"skip":true},"57":{"start":{"line":259,"column":12},"end":{"line":269,"column":14},"skip":true},"58":{"start":{"line":271,"column":12},"end":{"line":285,"column":19},"skip":true},"59":{"start":{"line":274,"column":20},"end":{"line":274,"column":35},"skip":true},"60":{"start":{"line":275,"column":20},"end":{"line":284,"column":21},"skip":true},"61":{"start":{"line":277,"column":24},"end":{"line":277,"column":64},"skip":true},"62":{"start":{"line":279,"column":24},"end":{"line":279,"column":40},"skip":true},"63":{"start":{"line":281,"column":24},"end":{"line":281,"column":40},"skip":true},"64":{"start":{"line":283,"column":24},"end":{"line":283,"column":39},"skip":true},"65":{"start":{"line":288,"column":8},"end":{"line":290,"column":9},"skip":true},"66":{"start":{"line":289,"column":12},"end":{"line":289,"column":18},"skip":true},"67":{"start":{"line":291,"column":8},"end":{"line":293,"column":54},"skip":true},"68":{"start":{"line":296,"column":8},"end":{"line":301,"column":37},"skip":true},"69":{"start":{"line":303,"column":8},"end":{"line":303,"column":82},"skip":true},"70":{"start":{"line":306,"column":8},"end":{"line":308,"column":9},"skip":true},"71":{"start":{"line":307,"column":12},"end":{"line":307,"column":82},"skip":true},"72":{"start":{"line":310,"column":8},"end":{"line":312,"column":9},"skip":true},"73":{"start":{"line":311,"column":12},"end":{"line":311,"column":18},"skip":true},"74":{"start":{"line":313,"column":8},"end":{"line":313,"column":54},"skip":true},"75":{"start":{"line":314,"column":8},"end":{"line":314,"column":69},"skip":true},"76":{"start":{"line":315,"column":8},"end":{"line":323,"column":36},"skip":true},"77":{"start":{"line":316,"column":12},"end":{"line":316,"column":61},"skip":true},"78":{"start":{"line":317,"column":12},"end":{"line":320,"column":13},"skip":true},"79":{"start":{"line":318,"column":16},"end":{"line":318,"column":75},"skip":true},"80":{"start":{"line":319,"column":16},"end":{"line":319,"column":23},"skip":true},"81":{"start":{"line":321,"column":12},"end":{"line":321,"column":38},"skip":true},"82":{"start":{"line":322,"column":12},"end":{"line":322,"column":27},"skip":true},"83":{"start":{"line":324,"column":8},"end":{"line":324,"column":14},"skip":true}},"branchMap":{"1":{"line":39,"type":"binary-expr","locations":[{"start":{"line":39,"column":23},"end":{"line":39,"column":62}},{"start":{"line":40,"column":20},"end":{"line":40,"column":70}},{"start":{"line":41,"column":20},"end":{"line":41,"column":71}},{"start":{"line":42,"column":20},"end":{"line":42,"column":29}}]},"2":{"line":44,"type":"binary-expr","locations":[{"start":{"line":44,"column":23},"end":{"line":44,"column":37}},{"start":{"line":45,"column":20},"end":{"line":45,"column":61}},{"start":{"line":46,"column":20},"end":{"line":46,"column":70}},{"start":{"line":47,"column":20},"end":{"line":47,"column":26}}]},"3":{"line":51,"type":"cond-expr","locations":[{"start":{"line":52,"column":14},"end":{"line":52,"column":20}},{"start":{"line":53,"column":14},"end":{"line":53,"column":20}}]},"4":{"line":55,"type":"binary-expr","locations":[{"start":{"line":55,"column":16},"end":{"line":55,"column":44}},{"start":{"line":55,"column":49},"end":{"line":57,"column":43}}]},"5":{"line":55,"type":"cond-expr","locations":[{"start":{"line":56,"column":14},"end":{"line":56,"column":53}},{"start":{"line":57,"column":14},"end":{"line":57,"column":43}}]},"6":{"line":61,"type":"switch","locations":[{"start":{"line":68,"column":4},"end":{"line":150,"column":14},"skip":true},{"start":{"line":156,"column":4},"end":{"line":324,"column":14},"skip":true}]},"7":{"line":70,"type":"if","locations":[{"start":{"line":70,"column":12},"end":{"line":70,"column":12},"skip":true},{"start":{"line":70,"column":12},"end":{"line":70,"column":12},"skip":true}]},"8":{"line":70,"type":"binary-expr","locations":[{"start":{"line":70,"column":16},"end":{"line":70,"column":22},"skip":true},{"start":{"line":70,"column":27},"end":{"line":70,"column":32},"skip":true},{"start":{"line":71,"column":20},"end":{"line":71,"column":39},"skip":true},{"start":{"line":72,"column":20},"end":{"line":72,"column":49},"skip":true},{"start":{"line":73,"column":20},"end":{"line":73,"column":58},"skip":true},{"start":{"line":74,"column":20},"end":{"line":74,"column":69},"skip":true}]},"9":{"line":79,"type":"switch","locations":[{"start":{"line":80,"column":20},"end":{"line":80,"column":33},"skip":true},{"start":{"line":81,"column":20},"end":{"line":83,"column":30},"skip":true},{"start":{"line":84,"column":20},"end":{"line":85,"column":49},"skip":true}]},"10":{"line":89,"type":"switch","locations":[{"start":{"line":90,"column":12},"end":{"line":103,"column":22},"skip":true},{"start":{"line":105,"column":12},"end":{"line":106,"column":22},"skip":true}]},"11":{"line":89,"type":"binary-expr","locations":[{"start":{"line":89,"column":20},"end":{"line":89,"column":25},"skip":true},{"start":{"line":89,"column":29},"end":{"line":89,"column":48},"skip":true},{"start":{"line":89,"column":52},"end":{"line":89,"column":74},"skip":true}]},"12":{"line":92,"type":"if","locations":[{"start":{"line":92,"column":16},"end":{"line":92,"column":16},"skip":true},{"start":{"line":92,"column":16},"end":{"line":92,"column":16},"skip":true}]},"13":{"line":108,"type":"if","locations":[{"start":{"line":108,"column":12},"end":{"line":108,"column":12},"skip":true},{"start":{"line":108,"column":12},"end":{"line":108,"column":12},"skip":true}]},"14":{"line":108,"type":"binary-expr","locations":[{"start":{"line":108,"column":16},"end":{"line":108,"column":61},"skip":true},{"start":{"line":108,"column":66},"end":{"line":108,"column":72},"skip":true},{"start":{"line":108,"column":77},"end":{"line":108,"column":82},"skip":true},{"start":{"line":109,"column":20},"end":{"line":109,"column":39},"skip":true},{"start":{"line":110,"column":20},"end":{"line":110,"column":49},"skip":true},{"start":{"line":111,"column":20},"end":{"line":111,"column":58},"skip":true},{"start":{"line":112,"column":20},"end":{"line":112,"column":68},"skip":true}]},"15":{"line":129,"type":"if","locations":[{"start":{"line":129,"column":16},"end":{"line":129,"column":16},"skip":true},{"start":{"line":129,"column":16},"end":{"line":129,"column":16},"skip":true}]},"16":{"line":134,"type":"cond-expr","locations":[{"start":{"line":135,"column":26},"end":{"line":135,"column":29},"skip":true},{"start":{"line":136,"column":26},"end":{"line":136,"column":54},"skip":true}]},"17":{"line":164,"type":"binary-expr","locations":[{"start":{"line":164,"column":27},"end":{"line":164,"column":43},"skip":true},{"start":{"line":164,"column":47},"end":{"line":164,"column":49},"skip":true}]},"18":{"line":258,"type":"if","locations":[{"start":{"line":258,"column":8},"end":{"line":258,"column":8},"skip":true},{"start":{"line":258,"column":8},"end":{"line":258,"column":8},"skip":true}]},"19":{"line":275,"type":"switch","locations":[{"start":{"line":276,"column":20},"end":{"line":277,"column":64},"skip":true},{"start":{"line":278,"column":20},"end":{"line":279,"column":40},"skip":true},{"start":{"line":280,"column":20},"end":{"line":281,"column":40},"skip":true},{"start":{"line":282,"column":20},"end":{"line":283,"column":39},"skip":true}]},"20":{"line":288,"type":"if","locations":[{"start":{"line":288,"column":8},"end":{"line":288,"column":8},"skip":true},{"start":{"line":288,"column":8},"end":{"line":288,"column":8},"skip":true}]},"21":{"line":288,"type":"binary-expr","locations":[{"start":{"line":288,"column":12},"end":{"line":288,"column":40},"skip":true},{"start":{"line":288,"column":44},"end":{"line":288,"column":67},"skip":true}]},"22":{"line":292,"type":"binary-expr","locations":[{"start":{"line":292,"column":12},"end":{"line":292,"column":50},"skip":true},{"start":{"line":293,"column":12},"end":{"line":293,"column":53},"skip":true}]},"23":{"line":297,"type":"binary-expr","locations":[{"start":{"line":297,"column":12},"end":{"line":297,"column":67},"skip":true},{"start":{"line":298,"column":12},"end":{"line":301,"column":36},"skip":true}]},"24":{"line":303,"type":"binary-expr","locations":[{"start":{"line":303,"column":43},"end":{"line":303,"column":75},"skip":true},{"start":{"line":303,"column":79},"end":{"line":303,"column":81},"skip":true}]},"25":{"line":306,"type":"if","locations":[{"start":{"line":306,"column":8},"end":{"line":306,"column":8},"skip":true},{"start":{"line":306,"column":8},"end":{"line":306,"column":8},"skip":true}]},"26":{"line":310,"type":"if","locations":[{"start":{"line":310,"column":8},"end":{"line":310,"column":8},"skip":true},{"start":{"line":310,"column":8},"end":{"line":310,"column":8},"skip":true}]},"27":{"line":313,"type":"binary-expr","locations":[{"start":{"line":313,"column":27},"end":{"line":313,"column":43},"skip":true},{"start":{"line":313,"column":47},"end":{"line":313,"column":53},"skip":true}]},"28":{"line":317,"type":"if","locations":[{"start":{"line":317,"column":12},"end":{"line":317,"column":12},"skip":true},{"start":{"line":317,"column":12},"end":{"line":317,"column":12},"skip":true}]}},"code":["/*","example.js","","quickstart example","","instruction","    1. save this script as example.js","    2. run the shell command:","        $ npm install npmtest-couchbase && PORT=8081 node example.js","    3. play with the browser-demo on http://127.0.0.1:8081","*/","","","","/* istanbul instrument in package npmtest_couchbase */","/*jslint","    bitwise: true,","    browser: true,","    maxerr: 8,","    maxlen: 96,","    node: true,","    nomen: true,","    regexp: true,","    stupid: true","*/","(function () {","    'use strict';","    var local;","","","","    // run shared js-env code - pre-init","    (function () {","        // init local","        local = {};","        // init modeJs","        local.modeJs = (function () {","            try {","                return typeof navigator.userAgent === 'string' &&","                    typeof document.querySelector('body') === 'object' &&","                    typeof XMLHttpRequest.prototype.open === 'function' &&","                    'browser';","            } catch (errorCaughtBrowser) {","                return module.exports &&","                    typeof process.versions.node === 'string' &&","                    typeof require('http').createServer === 'function' &&","                    'node';","            }","        }());","        // init global","        local.global = local.modeJs === 'browser'","            ? window","            : global;","        // init utility2_rollup","        local = local.global.utility2_rollup || (local.modeJs === 'browser'","            ? local.global.utility2_npmtest_couchbase","            : global.utility2_moduleExports);","        // export local","        local.global.local = local;","    }());","    switch (local.modeJs) {","","","","    // post-init","    // run browser js-env code - post-init","    /* istanbul ignore next */","    case 'browser':","        local.testRunBrowser = function (event) {","            if (!event || (event &&","                    event.currentTarget &&","                    event.currentTarget.className &&","                    event.currentTarget.className.includes &&","                    event.currentTarget.className.includes('onreset'))) {","                // reset output","                Array.from(","                    document.querySelectorAll('body > .resettable')","                ).forEach(function (element) {","                    switch (element.tagName) {","                    case 'INPUT':","                    case 'TEXTAREA':","                        element.value = '';","                        break;","                    default:","                        element.textContent = '';","                    }","                });","            }","            switch (event && event.currentTarget && event.currentTarget.id) {","            case 'testRunButton1':","                // show tests","                if (document.querySelector('#testReportDiv1').style.display === 'none') {","                    document.querySelector('#testReportDiv1').style.display = 'block';","                    document.querySelector('#testRunButton1').textContent =","                        'hide internal test';","                    local.modeTest = true;","                    local.testRunDefault(local);","                // hide tests","                } else {","                    document.querySelector('#testReportDiv1').style.display = 'none';","                    document.querySelector('#testRunButton1').textContent = 'run internal test';","                }","                break;","            // custom-case","            default:","                break;","            }","            if (document.querySelector('#inputTextareaEval1') && (!event || (event &&","                    event.currentTarget &&","                    event.currentTarget.className &&","                    event.currentTarget.className.includes &&","                    event.currentTarget.className.includes('oneval')))) {","                // try to eval input-code","                try {","                    /*jslint evil: true*/","                    eval(document.querySelector('#inputTextareaEval1').value);","                } catch (errorCaught) {","                    console.error(errorCaught);","                }","            }","        };","        // log stderr and stdout to #outputTextareaStdout1","        ['error', 'log'].forEach(function (key) {","            console[key + '_original'] = console[key];","            console[key] = function () {","                var element;","                console[key + '_original'].apply(console, arguments);","                element = document.querySelector('#outputTextareaStdout1');","                if (!element) {","                    return;","                }","                // append text to #outputTextareaStdout1","                element.value += Array.from(arguments).map(function (arg) {","                    return typeof arg === 'string'","                        ? arg","                        : JSON.stringify(arg, null, 4);","                }).join(' ') + '\\n';","                // scroll textarea to bottom","                element.scrollTop = element.scrollHeight;","            };","        });","        // init event-handling","        ['change', 'click', 'keyup'].forEach(function (event) {","            Array.from(document.querySelectorAll('.on' + event)).forEach(function (element) {","                element.addEventListener(event, local.testRunBrowser);","            });","        });","        // run tests","        local.testRunBrowser();","        break;","","","","    // run node js-env code - post-init","    /* istanbul ignore next */","    case 'node':","        // export local","        module.exports = local;","        // require modules","        local.fs = require('fs');","        local.http = require('http');","        local.url = require('url');","        // init assets","        local.assetsDict = local.assetsDict || {};","        /* jslint-ignore-begin */","        local.assetsDict['/assets.index.template.html'] = '\\","<!doctype html>\\n\\","<html lang=\"en\">\\n\\","<head>\\n\\","<meta charset=\"UTF-8\">\\n\\","<meta name=\"viewport\" content=\"width=device-width, initial-scale=1\">\\n\\","<title>{{env.npm_package_name}} (v{{env.npm_package_version}})</title>\\n\\","<style>\\n\\","/*csslint\\n\\","    box-sizing: false,\\n\\","    universal-selector: false\\n\\","*/\\n\\","* {\\n\\","    box-sizing: border-box;\\n\\","}\\n\\","body {\\n\\","    background: #dde;\\n\\","    font-family: Arial, Helvetica, sans-serif;\\n\\","    margin: 2rem;\\n\\","}\\n\\","body > * {\\n\\","    margin-bottom: 1rem;\\n\\","}\\n\\",".utility2FooterDiv {\\n\\","    margin-top: 20px;\\n\\","    text-align: center;\\n\\","}\\n\\","</style>\\n\\","<style>\\n\\","/*csslint\\n\\","*/\\n\\","textarea {\\n\\","    font-family: monospace;\\n\\","    height: 10rem;\\n\\","    width: 100%;\\n\\","}\\n\\","textarea[readonly] {\\n\\","    background: #ddd;\\n\\","}\\n\\","</style>\\n\\","</head>\\n\\","<body>\\n\\","<!-- utility2-comment\\n\\","<div id=\"ajaxProgressDiv1\" style=\"background: #d00; height: 2px; left: 0; margin: 0; padding: 0; position: fixed; top: 0; transition: background 0.5s, width 1.5s; width: 25%;\"></div>\\n\\","utility2-comment -->\\n\\","<h1>\\n\\","<!-- utility2-comment\\n\\","    <a\\n\\","        {{#if env.npm_package_homepage}}\\n\\","        href=\"{{env.npm_package_homepage}}\"\\n\\","        {{/if env.npm_package_homepage}}\\n\\","        target=\"_blank\"\\n\\","    >\\n\\","utility2-comment -->\\n\\","        {{env.npm_package_name}} (v{{env.npm_package_version}})\\n\\","<!-- utility2-comment\\n\\","    </a>\\n\\","utility2-comment -->\\n\\","</h1>\\n\\","<h3>{{env.npm_package_description}}</h3>\\n\\","<!-- utility2-comment\\n\\","<h4><a download href=\"assets.app.js\">download standalone app</a></h4>\\n\\","<button class=\"onclick onreset\" id=\"testRunButton1\">run internal test</button><br>\\n\\","<div id=\"testReportDiv1\" style=\"display: none;\"></div>\\n\\","utility2-comment -->\\n\\","\\n\\","\\n\\","\\n\\","<label>stderr and stdout</label>\\n\\","<textarea class=\"resettable\" id=\"outputTextareaStdout1\" readonly></textarea>\\n\\","<!-- utility2-comment\\n\\","{{#if isRollup}}\\n\\","<script src=\"assets.app.js\"></script>\\n\\","{{#unless isRollup}}\\n\\","utility2-comment -->\\n\\","<script src=\"assets.utility2.rollup.js\"></script>\\n\\","<script src=\"jsonp.utility2._stateInit?callback=window.utility2._stateInit\"></script>\\n\\","<script src=\"assets.npmtest_couchbase.rollup.js\"></script>\\n\\","<script src=\"assets.example.js\"></script>\\n\\","<script src=\"assets.test.js\"></script>\\n\\","<!-- utility2-comment\\n\\","{{/if isRollup}}\\n\\","utility2-comment -->\\n\\","<div class=\"utility2FooterDiv\">\\n\\","    [ this app was created with\\n\\","    <a href=\"https://github.com/kaizhu256/node-utility2\" target=\"_blank\">utility2</a>\\n\\","    ]\\n\\","</div>\\n\\","</body>\\n\\","</html>\\n\\","';","        /* jslint-ignore-end */","        if (local.templateRender) {","            local.assetsDict['/'] = local.templateRender(","                local.assetsDict['/assets.index.template.html'],","                {","                    env: local.objectSetDefault(local.env, {","                        npm_package_description: 'the greatest app in the world!',","                        npm_package_name: 'my-app',","                        npm_package_nameAlias: 'my_app',","                        npm_package_version: '0.0.1'","                    })","                }","            );","        } else {","            local.assetsDict['/'] = local.assetsDict['/assets.index.template.html']","                .replace((/\\{\\{env\\.(\\w+?)\\}\\}/g), function (match0, match1) {","                    // jslint-hack","                    String(match0);","                    switch (match1) {","                    case 'npm_package_description':","                        return 'the greatest app in the world!';","                    case 'npm_package_name':","                        return 'my-app';","                    case 'npm_package_nameAlias':","                        return 'my_app';","                    case 'npm_package_version':","                        return '0.0.1';","                    }","                });","        }","        // run the cli","        if (local.global.utility2_rollup || module !== require.main) {","            break;","        }","        local.assetsDict['/assets.example.js'] =","            local.assetsDict['/assets.example.js'] ||","            local.fs.readFileSync(__filename, 'utf8');","        // bug-workaround - long $npm_package_buildCustomOrg","        /* jslint-ignore-begin */","        local.assetsDict['/assets.npmtest_couchbase.rollup.js'] =","            local.assetsDict['/assets.npmtest_couchbase.rollup.js'] ||","            local.fs.readFileSync(","                local.npmtest_couchbase.__dirname + '/lib.npmtest_couchbase.js',","                'utf8'","            ).replace((/^#!/), '//');","        /* jslint-ignore-end */","        local.assetsDict['/favicon.ico'] = local.assetsDict['/favicon.ico'] || '';","        // if $npm_config_timeout_exit exists,","        // then exit this process after $npm_config_timeout_exit ms","        if (Number(process.env.npm_config_timeout_exit)) {","            setTimeout(process.exit, Number(process.env.npm_config_timeout_exit));","        }","        // start server","        if (local.global.utility2_serverHttp1) {","            break;","        }","        process.env.PORT = process.env.PORT || '8081';","        console.error('server starting on port ' + process.env.PORT);","        local.http.createServer(function (request, response) {","            request.urlParsed = local.url.parse(request.url);","            if (local.assetsDict[request.urlParsed.pathname] !== undefined) {","                response.end(local.assetsDict[request.urlParsed.pathname]);","                return;","            }","            response.statusCode = 404;","            response.end();","        }).listen(process.env.PORT);","        break;","    }","}());",""],"l":{"26":2,"28":2,"33":2,"35":2,"37":2,"38":2,"39":2,"44":1,"51":2,"55":2,"59":2,"61":2,"69":1,"70":2,"76":2,"79":2,"82":2,"83":2,"85":1,"89":2,"92":1,"93":1,"94":1,"96":1,"97":1,"100":1,"101":1,"103":1,"106":1,"108":2,"114":1,"116":1,"118":1,"123":1,"124":2,"125":2,"126":3,"127":3,"128":3,"129":3,"130":1,"133":3,"134":3,"139":3,"143":1,"144":3,"145":1,"149":1,"150":1,"158":1,"160":1,"161":1,"162":1,"164":1,"166":1,"258":1,"259":1,"271":1,"274":6,"275":6,"277":1,"279":2,"281":1,"283":2,"288":1,"289":1,"291":1,"296":1,"303":1,"306":1,"307":1,"310":1,"311":1,"313":1,"314":1,"315":1,"316":1,"317":1,"318":1,"319":1,"321":1,"322":1,"324":1}},"/home/travis/build/npmtest/node-npmtest-couchbase/node_modules/couchbase/lib/couchbase.js":{"path":"/home/travis/build/npmtest/node-npmtest-couchbase/node_modules/couchbase/lib/couchbase.js","s":{"1":1,"2":1,"3":1,"4":1,"5":1,"6":1,"7":1,"8":1,"9":1,"10":1,"11":1,"12":1,"13":1,"14":1,"15":1},"b":{},"f":{},"fnMap":{},"statementMap":{"1":{"start":{"line":3,"column":0},"end":{"line":3,"column":35}},"2":{"start":{"line":4,"column":0},"end":{"line":4,"column":29}},"3":{"start":{"line":6,"column":0},"end":{"line":6,"column":46}},"4":{"start":{"line":7,"column":0},"end":{"line":7,"column":48}},"5":{"start":{"line":8,"column":0},"end":{"line":8,"column":56}},"6":{"start":{"line":9,"column":0},"end":{"line":9,"column":50}},"7":{"start":{"line":10,"column":0},"end":{"line":10,"column":50}},"8":{"start":{"line":11,"column":0},"end":{"line":11,"column":50}},"9":{"start":{"line":12,"column":0},"end":{"line":12,"column":54}},"10":{"start":{"line":13,"column":0},"end":{"line":13,"column":61}},"11":{"start":{"line":14,"column":0},"end":{"line":14,"column":58}},"12":{"start":{"line":15,"column":0},"end":{"line":15,"column":50}},"13":{"start":{"line":16,"column":0},"end":{"line":16,"column":37}},"14":{"start":{"line":17,"column":0},"end":{"line":17,"column":44}},"15":{"start":{"line":18,"column":0},"end":{"line":18,"column":64}}},"branchMap":{},"code":["'use strict';","","var binding = require('./binding');","var auth = require('./auth');","","module.exports.Cluster = require('./cluster');","module.exports.BucketImpl = require('./bucket');","module.exports.SpatialQuery = require('./spatialquery');","module.exports.ViewQuery = require('./viewquery');","module.exports.N1qlQuery = require('./n1qlquery');","module.exports.CbasQuery = require('./cbasquery');","module.exports.SearchQuery = require('./searchquery');","module.exports.SearchFacet = require('./searchquery_facets');","module.exports.MutationState = require('./mutationstate');","module.exports.Mock = require('./mock/couchbase');","module.exports.Error = binding.Error;","module.exports.errors = require('./errors');","module.exports.ClassicAuthenticator = auth.ClassicAuthenticator;",""],"l":{"3":1,"4":1,"6":1,"7":1,"8":1,"9":1,"10":1,"11":1,"12":1,"13":1,"14":1,"15":1,"16":1,"17":1,"18":1}},"/home/travis/build/npmtest/node-npmtest-couchbase/node_modules/couchbase/lib/binding.js":{"path":"/home/travis/build/npmtest/node-npmtest-couchbase/node_modules/couchbase/lib/binding.js","s":{"1":1,"2":1,"3":1,"4":1,"5":0,"6":0,"7":0,"8":1,"9":1,"10":1,"11":1,"12":1},"b":{},"f":{"1":0},"fnMap":{"1":{"name":"CouchbaseError","line":145,"loc":{"start":{"line":145,"column":0},"end":{"line":145,"column":33}}}},"statementMap":{"1":{"start":{"line":3,"column":0},"end":{"line":3,"column":27}},"2":{"start":{"line":4,"column":0},"end":{"line":4,"column":23}},"3":{"start":{"line":143,"column":0},"end":{"line":143,"column":54}},"4":{"start":{"line":145,"column":0},"end":{"line":149,"column":1}},"5":{"start":{"line":146,"column":2},"end":{"line":146,"column":19}},"6":{"start":{"line":147,"column":2},"end":{"line":147,"column":48}},"7":{"start":{"line":148,"column":2},"end":{"line":148,"column":25}},"8":{"start":{"line":150,"column":0},"end":{"line":150,"column":37}},"9":{"start":{"line":151,"column":0},"end":{"line":151,"column":49}},"10":{"start":{"line":152,"column":0},"end":{"line":152,"column":41}},"11":{"start":{"line":153,"column":0},"end":{"line":153,"column":33}},"12":{"start":{"line":155,"column":0},"end":{"line":155,"column":27}}},"branchMap":{},"code":["'use strict';","","var util = require('util');","var fs = require('fs');","","/**"," * Represents the C/C++ binding layer that the Node.js SDK is built upon."," * This library handles all network I/O along with most configuration and"," * bootstrapping requirements."," * @external CouchbaseBinding"," */","/**"," * @name CouchbaseBinding._setErrorClass"," */","/**"," * @class CouchbaseBinding.Error"," * @private"," * @ignore"," */","/**"," * @class CouchbaseBinding.CouchbaseImpl"," * @private"," * @ignore"," */","/** @name CouchbaseBinding.CouchbaseImpl#shutdown */","/** @name CouchbaseBinding.CouchbaseImpl#control */","/** @name CouchbaseBinding.CouchbaseImpl#connect */","/** @name CouchbaseBinding.CouchbaseImpl#getViewNode */","/** @name CouchbaseBinding.CouchbaseImpl#getMgmtNode */","/** @name CouchbaseBinding.CouchbaseImpl#setConnectCallback */","/** @name CouchbaseBinding.CouchbaseImpl#setTranscoder */","/** @name CouchbaseBinding.CouchbaseImpl#lcbVersion */","/** @name CouchbaseBinding.CouchbaseImpl#get */","/** @name CouchbaseBinding.CouchbaseImpl#getReplica */","/** @name CouchbaseBinding.CouchbaseImpl#touch */","/** @name CouchbaseBinding.CouchbaseImpl#unlock */","/** @name CouchbaseBinding.CouchbaseImpl#remove */","/** @name CouchbaseBinding.CouchbaseImpl#store */","/** @name CouchbaseBinding.CouchbaseImpl#arithmetic */","/** @name CouchbaseBinding.CouchbaseImpl#durability */","/** @name CouchbaseBinding.CouchbaseImpl#viewQuery */","/** @name CouchbaseBinding.CouchbaseImpl#n1qlQuery */","/** @name CouchbaseBinding.CouchbaseImpl#ftsQuery */","/** @name CouchbaseBinding.CouchbaseImpl#lookupIn */","/** @name CouchbaseBinding.CouchbaseImpl#mutateIn */","/** @name CouchbaseBinding.CouchbaseImpl#_errorTest */","/**"," * @namespace CouchbaseBinding.Constants"," * @ignore"," */","/** @name CouchbaseBinding.Constants.CNTL_SET */","/** @name CouchbaseBinding.Constants.CNTL_GET */","/** @name CouchbaseBinding.Constants.CNTL_OP_TIMEOUT */","/** @name CouchbaseBinding.Constants.CNTL_DURABILITY_INTERVAL */","/** @name CouchbaseBinding.Constants.CNTL_DURABILITY_TIMEOUT */","/** @name CouchbaseBinding.Constants.CNTL_HTTP_TIMEOUT */","/** @name CouchbaseBinding.Constants.CNTL_VIEW_TIMEOUT */","/** @name CouchbaseBinding.Constants.CNTL_RBUFSIZE */","/** @name CouchbaseBinding.Constants.CNTL_WBUFSIZE */","/** @name CouchbaseBinding.Constants.CNTL_CONFIGURATION_TIMEOUT */","/** @name CouchbaseBinding.Constants.CNTL_VBMAP */","/** @name CouchbaseBinding.Constants.CNTL_CONFIG_HTTP_NODES */","/** @name CouchbaseBinding.Constants.CNTL_CONFIG_CCCP_NODES */","/** @name CouchbaseBinding.Constants.CNTL_CHANGESET */","/** @name CouchbaseBinding.Constants.CNTL_CONFIG_ALL_NODES */","/** @name CouchbaseBinding.Constants.CNTL_CONFIGCACHE */","/** @name CouchbaseBinding.Constants.CNTL_SSL_MODE */","/** @name CouchbaseBinding.Constants.CNTL_SSL_CACERT */","/** @name CouchbaseBinding.Constants.CNTL_RETRYMODE */","/** @name CouchbaseBinding.Constants.CNTL_HTCONFIG_URLTYPE */","/** @name CouchbaseBinding.Constants.CNTL_COMPRESSION_OPTS */","/** @name CouchbaseBinding.Constants.CNTL_RDBALLOCFACTORY */","/** @name CouchbaseBinding.Constants.CNTL_SYNCDESTROY */","/** @name CouchbaseBinding.Constants.CNTL_CONLOGGER_LEVEL */","/** @name CouchbaseBinding.Constants.CNTL_DETAILED_ERRCODES */","/** @name CouchbaseBinding.Constants.CNTL_REINIT_DSN */","/** @name CouchbaseBinding.Constants.CNTL_CONFDELAY_THRESH */","/** @name CouchbaseBinding.Constants.CNTL_CONFIG_NODE_TIMEOUT */","/** @name CouchbaseBinding.Constants.ADD */","/** @name CouchbaseBinding.Constants.REPLACE */","/** @name CouchbaseBinding.Constants.SET */","/** @name CouchbaseBinding.Constants.APPEND */","/** @name CouchbaseBinding.Constants.PREPEND */","/** @name CouchbaseBinding.Constants.SUCCESS */","/** @name CouchbaseBinding.Constants.AUTH_CONTINUE */","/** @name CouchbaseBinding.Constants.AUTH_ERROR */","/** @name CouchbaseBinding.Constants.DELTA_BADVAL */","/** @name CouchbaseBinding.Constants.E2BIG */","/** @name CouchbaseBinding.Constants.EBUSY */","/** @name CouchbaseBinding.Constants.ENOMEM */","/** @name CouchbaseBinding.Constants.ERANGE */","/** @name CouchbaseBinding.Constants.ERROR */","/** @name CouchbaseBinding.Constants.ETMPFAIL */","/** @name CouchbaseBinding.Constants.EINVAL */","/** @name CouchbaseBinding.Constants.CLIENT_ETMPFAIL */","/** @name CouchbaseBinding.Constants.KEY_EEXISTS */","/** @name CouchbaseBinding.Constants.KEY_ENOENT */","/** @name CouchbaseBinding.Constants.DLOPEN_FAILED */","/** @name CouchbaseBinding.Constants.DLSYM_FAILED */","/** @name CouchbaseBinding.Constants.NETWORK_ERROR */","/** @name CouchbaseBinding.Constants.NOT_MY_VBUCKET */","/** @name CouchbaseBinding.Constants.NOT_STORED */","/** @name CouchbaseBinding.Constants.NOT_SUPPORTED */","/** @name CouchbaseBinding.Constants.UNKNOWN_COMMAND */","/** @name CouchbaseBinding.Constants.UNKNOWN_HOST */","/** @name CouchbaseBinding.Constants.PROTOCOL_ERROR */","/** @name CouchbaseBinding.Constants.ETIMEDOUT */","/** @name CouchbaseBinding.Constants.BUCKET_ENOENT */","/** @name CouchbaseBinding.Constants.CLIENT_ENOMEM */","/** @name CouchbaseBinding.Constants.CONNECT_ERROR */","/** @name CouchbaseBinding.Constants.EBADHANDLE */","/** @name CouchbaseBinding.Constants.SERVER_BUG */","/** @name CouchbaseBinding.Constants.PLUGIN_VERSION_MISMATCH */","/** @name CouchbaseBinding.Constants.INVALID_HOST_FORMAT */","/** @name CouchbaseBinding.Constants.INVALID_CHAR */","/** @name CouchbaseBinding.Constants.DURABILITY_ETOOMANY */","/** @name CouchbaseBinding.Constants.DUPLICATE_COMMANDS */","/** @name CouchbaseBinding.Constants.EINTERNAL */","/** @name CouchbaseBinding.Constants.NO_MATCHING_SERVER */","/** @name CouchbaseBinding.Constants.BAD_ENVIRONMENT */","/** @name CouchbaseBinding.Constants.HTTP_TYPE_VIEW */","/** @name CouchbaseBinding.Constants.HTTP_TYPE_MANAGEMENT */","/** @name CouchbaseBinding.Constants.HTTP_METHOD_GET */","/** @name CouchbaseBinding.Constants.HTTP_METHOD_POST */","/** @name CouchbaseBinding.Constants.HTTP_METHOD_PUT */","/** @name CouchbaseBinding.Constants.HTTP_METHOD_DELETE */","/** @name CouchbaseBinding.Constants.SDCMD_GET */","/** @name CouchbaseBinding.Constants.SDCMD_EXISTS */","/** @name CouchbaseBinding.Constants.SDCMD_REPLACE */","/** @name CouchbaseBinding.Constants.SDCMD_DICT_ADD */","/** @name CouchbaseBinding.Constants.SDCMD_DICT_UPSERT */","/** @name CouchbaseBinding.Constants.SDCMD_ARRAY_ADD_FIRST */","/** @name CouchbaseBinding.Constants.SDCMD_ARRAY_ADD_LAST */","/** @name CouchbaseBinding.Constants.SDCMD_ARRAY_ADD_UNIQUE */","/** @name CouchbaseBinding.Constants.SDCMD_ARRAY_INSERT */","/** @name CouchbaseBinding.Constants.SDCMD_REMOVE */","/** @name CouchbaseBinding.Constants.SDCMD_COUNTER */","","/**"," * @type {CouchbaseBinding}"," * @ignore"," */","var couchnode = require('bindings')('couchbase_impl');","","function CouchbaseError(message) {","  Error.call(this);","  Error.captureStackTrace(this, CouchbaseError);","  this.message = message;","}","util.inherits(CouchbaseError, Error);","CouchbaseError.prototype.name = 'CouchbaseError';","couchnode._setErrorClass(CouchbaseError);","couchnode.Error = CouchbaseError;","","module.exports = couchnode;",""],"l":{"3":1,"4":1,"143":1,"145":1,"146":0,"147":0,"148":0,"150":1,"151":1,"152":1,"153":1,"155":1}},"/home/travis/build/npmtest/node-npmtest-couchbase/node_modules/couchbase/lib/auth.js":{"path":"/home/travis/build/npmtest/node-npmtest-couchbase/node_modules/couchbase/lib/auth.js","s":{"1":1,"2":0,"3":0,"4":0,"5":1},"b":{},"f":{"1":0},"fnMap":{"1":{"name":"ClassicAuthenticator","line":17,"loc":{"start":{"line":17,"column":0},"end":{"line":17,"column":59}}}},"statementMap":{"1":{"start":{"line":17,"column":0},"end":{"line":21,"column":1}},"2":{"start":{"line":18,"column":2},"end":{"line":18,"column":25}},"3":{"start":{"line":19,"column":2},"end":{"line":19,"column":27}},"4":{"start":{"line":20,"column":2},"end":{"line":20,"column":27}},"5":{"start":{"line":23,"column":0},"end":{"line":23,"column":59}}},"branchMap":{},"code":["'use strict';","","/**"," * Authenticator for using classic authentication."," *"," * @param {Object.<string, string>} buckets"," *  Map of bucket names to passwords."," * @param {string} [username]"," *  Cluster administration username."," * @param {string} [password]"," *  Cluster administration password."," * @constructor"," *"," * @since 2.2.3"," * @uncommitted"," */","function ClassicAuthenticator(buckets, username, password) {","  this.buckets = buckets;","  this.username = username;","  this.password = password;","}","","module.exports.ClassicAuthenticator = ClassicAuthenticator;",""],"l":{"17":1,"18":0,"19":0,"20":0,"23":1}},"/home/travis/build/npmtest/node-npmtest-couchbase/node_modules/couchbase/lib/cluster.js":{"path":"/home/travis/build/npmtest/node-npmtest-couchbase/node_modules/couchbase/lib/cluster.js","s":{"1":1,"2":1,"3":1,"4":1,"5":1,"6":1,"7":1,"8":1,"9":1,"10":1,"11":0,"12":0,"13":0,"14":0,"15":0,"16":1,"17":0,"18":0,"19":0,"20":0,"21":0,"22":0,"23":0,"24":0,"25":0,"26":0,"27":1,"28":1,"29":1,"30":1,"31":0,"32":0,"33":0,"34":1,"35":0,"36":0,"37":0,"38":0,"39":0,"40":1,"41":0,"42":0,"43":0,"44":1,"45":0,"46":1,"47":0,"48":0,"49":0,"50":0,"51":0,"52":0,"53":0,"54":0,"55":0,"56":0,"57":0,"58":0,"59":0,"60":0,"61":0,"62":0,"63":0,"64":0,"65":0,"66":0,"67":0,"68":0,"69":0,"70":0,"71":0,"72":0,"73":0,"74":0,"75":0,"76":0,"77":0,"78":0,"79":0,"80":0,"81":0,"82":0,"83":0,"84":1,"85":0,"86":0,"87":1,"88":0,"89":0,"90":0,"91":0,"92":0,"93":0,"94":0,"95":0,"96":0,"97":0,"98":0,"99":0,"100":1,"101":0,"102":0,"103":1,"104":0,"105":0,"106":0,"107":0,"108":0,"109":0,"110":0,"111":0,"112":0,"113":0,"114":0,"115":0,"116":1,"117":0,"118":0,"119":0,"120":0,"121":0,"122":0,"123":0,"124":0,"125":0,"126":0,"127":0,"128":0,"129":0,"130":0,"131":0,"132":0,"133":0,"134":0,"135":0,"136":0,"137":0,"138":0,"139":0,"140":0,"141":0,"142":1,"143":0,"144":0,"145":0,"146":0,"147":0,"148":0,"149":0,"150":0,"151":0,"152":0,"153":0,"154":0,"155":0,"156":1,"157":0,"158":0,"159":0,"160":0,"161":0,"162":0,"163":0,"164":0,"165":0,"166":0,"167":0,"168":0,"169":0,"170":0,"171":0,"172":0,"173":0,"174":0,"175":0,"176":0,"177":0,"178":0,"179":1,"180":0,"181":0,"182":0,"183":0,"184":0,"185":1},"b":{"1":[0,0],"2":[0,0],"3":[0,0],"4":[0,0],"5":[0,0],"6":[0,0],"7":[0,0],"8":[0,0],"9":[0,0],"10":[0,0],"11":[0,0],"12":[0,0],"13":[0,0],"14":[0,0],"15":[0,0],"16":[0,0],"17":[0,0],"18":[0,0],"19":[0,0],"20":[0,0],"21":[0,0],"22":[0,0,0],"23":[0,0],"24":[0,0],"25":[0,0],"26":[0,0],"27":[0,0],"28":[0,0],"29":[0,0],"30":[0,0],"31":[0,0],"32":[0,0],"33":[0,0],"34":[0,0],"35":[0,0],"36":[0,0],"37":[0,0]},"f":{"1":0,"2":0,"3":0,"4":0,"5":0,"6":0,"7":0,"8":0,"9":0,"10":0,"11":0,"12":0,"13":0,"14":0,"15":0,"16":0,"17":0,"18":0,"19":0,"20":0,"21":0,"22":0,"23":0,"24":0,"25":0,"26":0,"27":0,"28":0,"29":0,"30":0},"fnMap":{"1":{"name":"_arrayRemove","line":15,"loc":{"start":{"line":15,"column":0},"end":{"line":15,"column":36}}},"2":{"name":"Cluster","line":37,"loc":{"start":{"line":37,"column":0},"end":{"line":37,"column":33}}},"3":{"name":"CbasQueryResponse","line":69,"loc":{"start":{"line":69,"column":0},"end":{"line":69,"column":29}}},"4":{"name":"(anonymous_4)","line":83,"loc":{"start":{"line":83,"column":28},"end":{"line":83,"column":47}}},"5":{"name":"(anonymous_5)","line":102,"loc":{"start":{"line":102,"column":33},"end":{"line":102,"column":52}}},"6":{"name":"(anonymous_6)","line":112,"loc":{"start":{"line":112,"column":31},"end":{"line":112,"column":47}}},"7":{"name":"(anonymous_7)","line":128,"loc":{"start":{"line":128,"column":33},"end":{"line":128,"column":50}}},"8":{"name":"(anonymous_8)","line":147,"loc":{"start":{"line":147,"column":31},"end":{"line":147,"column":66}}},"9":{"name":"(anonymous_9)","line":182,"loc":{"start":{"line":182,"column":23},"end":{"line":182,"column":34}}},"10":{"name":"(anonymous_10)","line":191,"loc":{"start":{"line":191,"column":21},"end":{"line":191,"column":32}}},"11":{"name":"(anonymous_11)","line":209,"loc":{"start":{"line":209,"column":29},"end":{"line":209,"column":63}}},"12":{"name":"(anonymous_12)","line":214,"loc":{"start":{"line":214,"column":26},"end":{"line":214,"column":60}}},"13":{"name":"(anonymous_13)","line":219,"loc":{"start":{"line":219,"column":15},"end":{"line":219,"column":29}}},"14":{"name":"(anonymous_14)","line":228,"loc":{"start":{"line":228,"column":19},"end":{"line":228,"column":40}}},"15":{"name":"(anonymous_15)","line":231,"loc":{"start":{"line":231,"column":20},"end":{"line":231,"column":34}}},"16":{"name":"(anonymous_16)","line":239,"loc":{"start":{"line":239,"column":28},"end":{"line":239,"column":49}}},"17":{"name":"(anonymous_17)","line":244,"loc":{"start":{"line":244,"column":25},"end":{"line":244,"column":51}}},"18":{"name":"(anonymous_18)","line":249,"loc":{"start":{"line":249,"column":15},"end":{"line":249,"column":29}}},"19":{"name":"(anonymous_19)","line":258,"loc":{"start":{"line":258,"column":19},"end":{"line":258,"column":40}}},"20":{"name":"(anonymous_20)","line":261,"loc":{"start":{"line":261,"column":20},"end":{"line":261,"column":34}}},"21":{"name":"(anonymous_21)","line":269,"loc":{"start":{"line":269,"column":29},"end":{"line":269,"column":56}}},"22":{"name":"(anonymous_22)","line":277,"loc":{"start":{"line":277,"column":5},"end":{"line":277,"column":32}}},"23":{"name":"(anonymous_23)","line":321,"loc":{"start":{"line":321,"column":26},"end":{"line":321,"column":60}}},"24":{"name":"(anonymous_24)","line":330,"loc":{"start":{"line":330,"column":15},"end":{"line":330,"column":26}}},"25":{"name":"(anonymous_25)","line":335,"loc":{"start":{"line":335,"column":19},"end":{"line":335,"column":40}}},"26":{"name":"(anonymous_26)","line":338,"loc":{"start":{"line":338,"column":20},"end":{"line":338,"column":34}}},"27":{"name":"(anonymous_27)","line":368,"loc":{"start":{"line":368,"column":26},"end":{"line":368,"column":60}}},"28":{"name":"(anonymous_28)","line":382,"loc":{"start":{"line":382,"column":17},"end":{"line":382,"column":28}}},"29":{"name":"(anonymous_29)","line":394,"loc":{"start":{"line":394,"column":17},"end":{"line":394,"column":28}}},"30":{"name":"(anonymous_30)","line":424,"loc":{"start":{"line":424,"column":28},"end":{"line":424,"column":57}}}},"statementMap":{"1":{"start":{"line":3,"column":0},"end":{"line":3,"column":27}},"2":{"start":{"line":4,"column":0},"end":{"line":4,"column":31}},"3":{"start":{"line":5,"column":0},"end":{"line":5,"column":33}},"4":{"start":{"line":7,"column":0},"end":{"line":7,"column":35}},"5":{"start":{"line":9,"column":0},"end":{"line":9,"column":33}},"6":{"start":{"line":10,"column":0},"end":{"line":10,"column":45}},"7":{"start":{"line":11,"column":0},"end":{"line":11,"column":39}},"8":{"start":{"line":12,"column":0},"end":{"line":12,"column":43}},"9":{"start":{"line":13,"column":0},"end":{"line":13,"column":39}},"10":{"start":{"line":15,"column":0},"end":{"line":23,"column":1}},"11":{"start":{"line":16,"column":2},"end":{"line":16,"column":20}},"12":{"start":{"line":17,"column":2},"end":{"line":21,"column":3}},"13":{"start":{"line":18,"column":4},"end":{"line":20,"column":5}},"14":{"start":{"line":19,"column":6},"end":{"line":19,"column":28}},"15":{"start":{"line":22,"column":2},"end":{"line":22,"column":18}},"16":{"start":{"line":37,"column":0},"end":{"line":54,"column":1}},"17":{"start":{"line":38,"column":2},"end":{"line":38,"column":37}},"18":{"start":{"line":39,"column":2},"end":{"line":39,"column":21}},"19":{"start":{"line":40,"column":2},"end":{"line":40,"column":30}},"20":{"start":{"line":41,"column":2},"end":{"line":41,"column":29}},"21":{"start":{"line":42,"column":2},"end":{"line":42,"column":22}},"22":{"start":{"line":44,"column":2},"end":{"line":44,"column":24}},"23":{"start":{"line":47,"column":2},"end":{"line":53,"column":3}},"24":{"start":{"line":48,"column":4},"end":{"line":52,"column":5}},"25":{"start":{"line":49,"column":6},"end":{"line":51,"column":7}},"26":{"start":{"line":50,"column":8},"end":{"line":50,"column":64}},"27":{"start":{"line":69,"column":0},"end":{"line":70,"column":1}},"28":{"start":{"line":71,"column":0},"end":{"line":71,"column":54}},"29":{"start":{"line":72,"column":0},"end":{"line":72,"column":46}},"30":{"start":{"line":83,"column":0},"end":{"line":89,"column":2}},"31":{"start":{"line":84,"column":2},"end":{"line":88,"column":3}},"32":{"start":{"line":85,"column":4},"end":{"line":85,"column":29}},"33":{"start":{"line":87,"column":4},"end":{"line":87,"column":33}},"34":{"start":{"line":102,"column":0},"end":{"line":110,"column":2}},"35":{"start":{"line":103,"column":2},"end":{"line":109,"column":3}},"36":{"start":{"line":104,"column":4},"end":{"line":104,"column":27}},"37":{"start":{"line":105,"column":9},"end":{"line":109,"column":3}},"38":{"start":{"line":106,"column":4},"end":{"line":106,"column":70}},"39":{"start":{"line":108,"column":4},"end":{"line":108,"column":36}},"40":{"start":{"line":112,"column":0},"end":{"line":118,"column":2}},"41":{"start":{"line":113,"column":2},"end":{"line":115,"column":3}},"42":{"start":{"line":114,"column":4},"end":{"line":114,"column":20}},"43":{"start":{"line":117,"column":2},"end":{"line":117,"column":25}},"44":{"start":{"line":128,"column":0},"end":{"line":130,"column":2}},"45":{"start":{"line":129,"column":2},"end":{"line":129,"column":23}},"46":{"start":{"line":147,"column":0},"end":{"line":207,"column":2}},"47":{"start":{"line":148,"column":2},"end":{"line":151,"column":3}},"48":{"start":{"line":149,"column":4},"end":{"line":149,"column":28}},"49":{"start":{"line":150,"column":4},"end":{"line":150,"column":18}},"50":{"start":{"line":153,"column":2},"end":{"line":153,"column":52}},"51":{"start":{"line":154,"column":2},"end":{"line":154,"column":29}},"52":{"start":{"line":155,"column":2},"end":{"line":165,"column":3}},"53":{"start":{"line":156,"column":4},"end":{"line":156,"column":25}},"54":{"start":{"line":157,"column":4},"end":{"line":161,"column":5}},"55":{"start":{"line":158,"column":6},"end":{"line":160,"column":7}},"56":{"start":{"line":159,"column":8},"end":{"line":159,"column":70}},"57":{"start":{"line":162,"column":4},"end":{"line":164,"column":5}},"58":{"start":{"line":163,"column":6},"end":{"line":163,"column":53}},"59":{"start":{"line":166,"column":2},"end":{"line":167,"column":56}},"60":{"start":{"line":168,"column":2},"end":{"line":168,"column":29}},"61":{"start":{"line":170,"column":2},"end":{"line":174,"column":5}},"62":{"start":{"line":175,"column":2},"end":{"line":178,"column":3}},"63":{"start":{"line":176,"column":4},"end":{"line":176,"column":35}},"64":{"start":{"line":177,"column":4},"end":{"line":177,"column":33}},"65":{"start":{"line":180,"column":2},"end":{"line":180,"column":18}},"66":{"start":{"line":181,"column":2},"end":{"line":181,"column":38}},"67":{"start":{"line":182,"column":2},"end":{"line":190,"column":5}},"68":{"start":{"line":183,"column":4},"end":{"line":183,"column":74}},"69":{"start":{"line":184,"column":4},"end":{"line":184,"column":39}},"70":{"start":{"line":185,"column":4},"end":{"line":188,"column":5}},"71":{"start":{"line":186,"column":6},"end":{"line":186,"column":34}},"72":{"start":{"line":187,"column":6},"end":{"line":187,"column":35}},"73":{"start":{"line":189,"column":4},"end":{"line":189,"column":24}},"74":{"start":{"line":191,"column":2},"end":{"line":204,"column":5}},"75":{"start":{"line":192,"column":4},"end":{"line":192,"column":74}},"76":{"start":{"line":193,"column":4},"end":{"line":195,"column":5}},"77":{"start":{"line":194,"column":6},"end":{"line":194,"column":13}},"78":{"start":{"line":197,"column":4},"end":{"line":198,"column":38}},"79":{"start":{"line":199,"column":4},"end":{"line":202,"column":5}},"80":{"start":{"line":200,"column":6},"end":{"line":200,"column":34}},"81":{"start":{"line":201,"column":6},"end":{"line":201,"column":41}},"82":{"start":{"line":203,"column":4},"end":{"line":203,"column":24}},"83":{"start":{"line":206,"column":2},"end":{"line":206,"column":16}},"84":{"start":{"line":209,"column":0},"end":{"line":212,"column":2}},"85":{"start":{"line":210,"column":2},"end":{"line":210,"column":40}},"86":{"start":{"line":211,"column":2},"end":{"line":211,"column":43}},"87":{"start":{"line":214,"column":0},"end":{"line":237,"column":2}},"88":{"start":{"line":215,"column":2},"end":{"line":215,"column":43}},"89":{"start":{"line":217,"column":2},"end":{"line":217,"column":26}},"90":{"start":{"line":218,"column":2},"end":{"line":222,"column":3}},"91":{"start":{"line":219,"column":4},"end":{"line":221,"column":6}},"92":{"start":{"line":220,"column":6},"end":{"line":220,"column":29}},"93":{"start":{"line":224,"column":2},"end":{"line":225,"column":73}},"94":{"start":{"line":227,"column":2},"end":{"line":234,"column":3}},"95":{"start":{"line":228,"column":4},"end":{"line":230,"column":7}},"96":{"start":{"line":229,"column":6},"end":{"line":229,"column":33}},"97":{"start":{"line":231,"column":4},"end":{"line":233,"column":7}},"98":{"start":{"line":232,"column":6},"end":{"line":232,"column":32}},"99":{"start":{"line":236,"column":2},"end":{"line":236,"column":13}},"100":{"start":{"line":239,"column":0},"end":{"line":242,"column":2}},"101":{"start":{"line":240,"column":2},"end":{"line":240,"column":40}},"102":{"start":{"line":241,"column":2},"end":{"line":241,"column":29}},"103":{"start":{"line":244,"column":0},"end":{"line":267,"column":2}},"104":{"start":{"line":245,"column":2},"end":{"line":245,"column":42}},"105":{"start":{"line":247,"column":2},"end":{"line":247,"column":26}},"106":{"start":{"line":248,"column":2},"end":{"line":252,"column":3}},"107":{"start":{"line":249,"column":4},"end":{"line":251,"column":6}},"108":{"start":{"line":250,"column":6},"end":{"line":250,"column":29}},"109":{"start":{"line":254,"column":2},"end":{"line":255,"column":30}},"110":{"start":{"line":257,"column":2},"end":{"line":264,"column":3}},"111":{"start":{"line":258,"column":4},"end":{"line":260,"column":7}},"112":{"start":{"line":259,"column":6},"end":{"line":259,"column":33}},"113":{"start":{"line":261,"column":4},"end":{"line":263,"column":7}},"114":{"start":{"line":262,"column":6},"end":{"line":262,"column":32}},"115":{"start":{"line":266,"column":2},"end":{"line":266,"column":13}},"116":{"start":{"line":269,"column":0},"end":{"line":319,"column":2}},"117":{"start":{"line":270,"column":2},"end":{"line":270,"column":48}},"118":{"start":{"line":272,"column":2},"end":{"line":318,"column":5}},"119":{"start":{"line":278,"column":4},"end":{"line":281,"column":5}},"120":{"start":{"line":279,"column":6},"end":{"line":279,"column":33}},"121":{"start":{"line":280,"column":6},"end":{"line":280,"column":13}},"122":{"start":{"line":283,"column":4},"end":{"line":304,"column":5}},"123":{"start":{"line":284,"column":6},"end":{"line":300,"column":7}},"124":{"start":{"line":285,"column":8},"end":{"line":285,"column":38}},"125":{"start":{"line":286,"column":8},"end":{"line":286,"column":38}},"126":{"start":{"line":287,"column":8},"end":{"line":287,"column":39}},"127":{"start":{"line":288,"column":8},"end":{"line":288,"column":33}},"128":{"start":{"line":289,"column":8},"end":{"line":289,"column":29}},"129":{"start":{"line":291,"column":8},"end":{"line":296,"column":9}},"130":{"start":{"line":292,"column":10},"end":{"line":292,"column":39}},"131":{"start":{"line":293,"column":10},"end":{"line":293,"column":48}},"132":{"start":{"line":294,"column":10},"end":{"line":294,"column":39}},"133":{"start":{"line":295,"column":10},"end":{"line":295,"column":41}},"134":{"start":{"line":298,"column":8},"end":{"line":299,"column":71}},"135":{"start":{"line":302,"column":6},"end":{"line":302,"column":33}},"136":{"start":{"line":303,"column":6},"end":{"line":303,"column":13}},"137":{"start":{"line":307,"column":4},"end":{"line":309,"column":5}},"138":{"start":{"line":308,"column":6},"end":{"line":308,"column":43}},"139":{"start":{"line":313,"column":4},"end":{"line":313,"column":39}},"140":{"start":{"line":316,"column":4},"end":{"line":316,"column":24}},"141":{"start":{"line":317,"column":4},"end":{"line":317,"column":30}},"142":{"start":{"line":321,"column":0},"end":{"line":344,"column":2}},"143":{"start":{"line":322,"column":2},"end":{"line":324,"column":3}},"144":{"start":{"line":323,"column":4},"end":{"line":323,"column":70}},"145":{"start":{"line":325,"column":2},"end":{"line":325,"column":79}},"146":{"start":{"line":327,"column":2},"end":{"line":327,"column":43}},"147":{"start":{"line":329,"column":2},"end":{"line":329,"column":18}},"148":{"start":{"line":330,"column":2},"end":{"line":332,"column":5}},"149":{"start":{"line":331,"column":4},"end":{"line":331,"column":53}},"150":{"start":{"line":334,"column":2},"end":{"line":341,"column":3}},"151":{"start":{"line":335,"column":4},"end":{"line":337,"column":7}},"152":{"start":{"line":336,"column":6},"end":{"line":336,"column":33}},"153":{"start":{"line":338,"column":4},"end":{"line":340,"column":7}},"154":{"start":{"line":339,"column":6},"end":{"line":339,"column":32}},"155":{"start":{"line":343,"column":2},"end":{"line":343,"column":13}},"156":{"start":{"line":368,"column":0},"end":{"line":414,"column":2}},"157":{"start":{"line":369,"column":2},"end":{"line":372,"column":3}},"158":{"start":{"line":370,"column":4},"end":{"line":370,"column":28}},"159":{"start":{"line":371,"column":4},"end":{"line":371,"column":23}},"160":{"start":{"line":374,"column":2},"end":{"line":377,"column":3}},"161":{"start":{"line":375,"column":4},"end":{"line":376,"column":33}},"162":{"start":{"line":379,"column":2},"end":{"line":388,"column":3}},"163":{"start":{"line":380,"column":4},"end":{"line":381,"column":62}},"164":{"start":{"line":382,"column":4},"end":{"line":386,"column":7}},"165":{"start":{"line":383,"column":6},"end":{"line":385,"column":7}},"166":{"start":{"line":384,"column":8},"end":{"line":384,"column":23}},"167":{"start":{"line":387,"column":4},"end":{"line":387,"column":11}},"168":{"start":{"line":390,"column":2},"end":{"line":400,"column":3}},"169":{"start":{"line":392,"column":4},"end":{"line":393,"column":38}},"170":{"start":{"line":394,"column":4},"end":{"line":398,"column":7}},"171":{"start":{"line":395,"column":6},"end":{"line":397,"column":7}},"172":{"start":{"line":396,"column":8},"end":{"line":396,"column":23}},"173":{"start":{"line":399,"column":4},"end":{"line":399,"column":11}},"174":{"start":{"line":402,"column":2},"end":{"line":413,"column":3
[...]
 = results.slice(options.skip);","    } else if (options.limit) {","      results = results.slice(0, options.limit);","    }","","    // Reduce Time!!","    if (reducer && options.reduce !== false) {","      var keys = [];","      for (var i = 0; i < results.length; ++i) {","        var keyN = cbNormKey(results[i].key, group_level);","        if (cbIndexOf(keys, keyN) < 0) {","          keys.push(keyN);","        }","      }","","      var newResults = [];","      for (var j = 0; j < keys.length; ++j) {","        var values = [];","        for (var k = 0; k < results.length; ++k) {","          var keyN = cbNormKey(results[k].key, group_level);","          if (cbCompare(keyN, keys[j]) === 0) {","            values.push(results[k].value);","          }","        }","        var result = reducer(keys[j], values, false);","        newResults.push({","          key: keys[j],","          value: result","        });","      }","      results = newResults;","    }","","    var meta = {","      total_rows: rowcount","    };","","    callback(null, results, meta);","  });","};","","module.exports = MockBucket;",""],"l":{"3":1,"4":1,"5":1,"6":1,"7":1,"8":1,"9":1,"10":1,"13":1,"15":1,"16":0,"18":1,"19":0,"21":1,"22":0,"24":1,"25":0,"28":1,"30":1,"31":1,"34":1,"35":1,"36":1,"37":1,"38":1,"40":1,"41":1,"43":1,"44":1,"46":1,"50":1,"51":1,"52":1,"55":1,"56":1,"57":1,"58":1,"60":1,"64":1,"65":1,"66":1,"67":1,"70":1,"77":1,"78":0,"79":0,"83":0,"84":0,"89":0,"95":1,"96":0,"97":0,"98":0,"99":0,"100":0,"101":0,"103":0,"108":1,"109":1,"112":1,"113":1,"116":1,"117":1,"118":1,"121":1,"122":1,"123":1,"125":1,"126":1,"127":1,"129":1,"130":1,"132":1,"135":1,"136":1,"137":1,"140":1,"141":1,"142":1,"143":1,"145":1,"148":1,"149":1,"150":1,"153":1,"154":1,"155":1,"156":1,"159":1,"160":1,"163":1,"164":0,"165":0,"166":0,"167":0,"168":0,"169":0,"170":0,"171":0,"172":0,"173":0,"174":0,"175":0,"177":0,"179":0,"181":0,"182":0,"183":0,"184":0,"185":0,"187":0,"188":0,"192":0,"193":0,"194":0,"195":0,"197":0,"199":0,"200":0,"201":0,"203":0,"206":1,"208":1,"209":0,"214":0,"215":0,"216":0,"217":0,"218":0,"219":0,"220":0,"230":0,"234":1,"235":1,"238":1,"239":0,"242":1,"243":0,"246":1,"247":0,"248":0,"250":0,"252":0,"253":0,"255":0,"259":1,"260":0,"261":0,"262":0,"263":0,"265":0,"269":1,"270":0,"273":1,"274":0,"275":0,"276":0,"281":1,"282":0,"283":0,"284":0,"289":1,"290":0,"291":0,"292":0,"297":1,"298":0,"299":0,"301":0,"305":0,"306":0,"308":0,"314":1,"315":0,"316":0,"317":0,"320":0,"321":0,"323":0,"324":0,"326":0,"327":0,"329":0,"331":0,"332":0,"333":0,"336":0,"337":0,"338":0,"340":0,"341":0,"344":0,"349":0,"357":1,"358":0,"359":0,"361":0,"362":0,"365":0,"366":0,"367":0,"368":0,"369":1,"370":0,"371":0,"372":0,"373":0,"374":0,"376":0,"378":0,"379":0,"383":0,"384":0,"388":1,"389":0,"390":0,"391":0,"394":0,"395":0,"397":0,"398":0,"400":0,"401":0,"403":0,"404":0,"406":0,"407":0,"409":0,"410":0,"411":0,"414":0,"415":0,"416":0,"418":0,"419":0,"422":0,"423":0,"424":0,"431":1,"432":0,"433":0,"434":0,"437":0,"438":0,"440":0,"441":0,"443":0,"444":0,"446":0,"447":0,"448":0,"451":0,"453":0,"454":0,"455":0,"458":0,"459":0,"460":0,"462":0,"463":0,"466":0,"467":0,"469":0,"471":0,"472":0,"473":0,"480":1,"481":0,"482":0,"483":0,"485":0,"486":0,"488":0,"489":0,"491":0,"492":0,"494":0,"495":0,"496":0,"499":0,"502":1,"503":1,"504":1,"507":1,"508":1,"509":1,"511":1,"512":1,"519":1,"520":0,"521":0,"522":0,"525":0,"526":0,"528":0,"529":0,"531":0,"532":0,"534":0,"535":0,"537":0,"538":0,"539":0,"541":0,"542":0,"543":0,"546":0,"547":0,"548":0,"550":0,"551":0,"554":0,"555":0,"561":1,"562":0,"563":0,"564":0,"566":0,"567":0,"569":0,"570":0,"572":0,"573":0,"575":0,"576":0,"578":0,"580":0,"581":0,"582":0,"585":0,"586":0,"587":0,"589":0,"590":0,"593":0,"594":0,"597":0,"598":0,"604":1,"605":0,"606":0,"607":0,"610":0,"611":0,"613":0,"614":0,"616":0,"617":0,"619":0,"620":0,"621":0,"623":0,"624":0,"625":0,"628":0,"629":0,"630":0,"632":0,"633":0,"636":0,"637":0,"643":1,"644":0,"645":0,"646":0,"649":0,"650":0,"652":0,"653":0,"655":0,"656":0,"658":0,"659":0,"661":0,"662":0,"663":0,"664":0,"666":0,"672":0,"673":0,"674":0,"676":0,"677":0,"679":0,"682":0,"683":0,"687":0,"688":0,"694":0,"695":0,"696":0,"697":0,"698":0,"700":0,"701":0,"702":0,"706":0,"707":0,"713":0,"714":0,"715":0,"716":0,"717":0,"719":0,"720":0,"721":0,"724":0,"725":0,"729":0,"730":0,"734":0,"735":0,"741":0,"742":0,"743":0,"744":0,"745":0,"747":0,"748":0,"749":0,"752":0,"753":0,"757":0,"758":0,"760":0,"762":0,"765":0,"766":0,"767":0,"769":0,"770":0,"771":0,"774":0,"775":0,"779":0,"780":0,"782":0,"784":0,"791":1,"792":0,"795":1,"796":0,"799":1,"800":0,"803":1,"804":0,"807":1,"808":0,"811":1,"812":0,"813":0,"814":0,"817":0,"818":0,"820":0,"821":0,"823":0,"824":0,"826":0,"827":0,"829":0,"830":0,"831":0,"834":0,"835":0,"836":0,"838":0,"839":0,"840":0,"842":0,"843":0,"844":0,"849":0,"850":0,"855":0,"856":0,"859":0,"860":0,"864":0,"865":0,"866":0,"867":0,"868":0,"870":0,"877":1,"878":0,"879":0,"880":0,"883":0,"884":0,"885":0,"886":0,"887":0,"888":0,"890":0,"895":1,"897":0,"902":1,"904":0,"909":1,"911":1,"913":1,"914":0,"916":0,"917":0,"918":0,"919":0,"920":0,"922":0,"923":0,"925":0,"926":0,"930":0,"931":0,"932":0,"934":0,"935":0,"938":0,"941":1,"942":0,"943":0,"944":0,"946":0,"947":0,"949":0,"950":0,"951":0,"953":0,"955":0,"957":0,"958":0,"959":0,"961":1,"962":0,"963":0,"972":1,"973":0,"981":0,"982":0,"984":0,"986":0,"989":0,"990":0,"992":0,"993":0,"994":0,"995":0,"996":0,"997":0,"999":0,"1001":0,"1002":0,"1003":0,"1007":0,"1008":0,"1009":0,"1012":0,"1020":0,"1026":0,"1027":0,"1028":0,"1029":0,"1030":0,"1031":0,"1032":0,"1033":0,"1035":0,"1037":0,"1040":0,"1041":0,"1042":0,"1043":0,"1044":0,"1046":0,"1048":0,"1049":0,"1050":0,"1053":0,"1057":0,"1061":1,"1062":1,"1073":1,"1074":1,"1075":8,"1077":1,"1085":1,"1086":0,"1087":0,"1088":0,"1089":0,"1090":0,"1091":0,"1092":0,"1093":0,"1094":0,"1095":0,"1096":0,"1097":0,"1098":0,"1099":0,"1101":0,"1117":1,"1118":0,"1119":0,"1120":0,"1121":0,"1124":0,"1125":0,"1126":0,"1127":0,"1128":0,"1131":0,"1134":0,"1135":0,"1138":0,"1139":0,"1143":0,"1144":0,"1145":0,"1146":0,"1148":0,"1149":0,"1150":0,"1151":0,"1153":0,"1164":1,"1165":0,"1166":0,"1167":0,"1170":0,"1179":1,"1180":0,"1181":0,"1184":0,"1185":0,"1186":0,"1188":0,"1191":0,"1195":1,"1196":0,"1197":0,"1198":0,"1202":0,"1205":0,"1206":0,"1207":0,"1208":0,"1209":0,"1211":0,"1212":0,"1213":0,"1214":0,"1218":0,"1219":0,"1220":0,"1221":0,"1222":0,"1223":0,"1224":0,"1225":0,"1226":0,"1227":0,"1230":0,"1231":0,"1233":0,"1234":0,"1235":0,"1236":0,"1238":0,"1239":0,"1240":0,"1243":0,"1244":0,"1245":0,"1249":0,"1250":0,"1251":0,"1253":0,"1254":0,"1257":0,"1258":0,"1260":0,"1261":0,"1265":0,"1266":0,"1267":0,"1269":0,"1270":0,"1273":0,"1274":0,"1276":0,"1277":0,"1281":0,"1282":0,"1285":0,"1287":0,"1289":0,"1290":0,"1291":0,"1292":0,"1293":0,"1294":0,"1295":0,"1298":0,"1299":0,"1300":0,"1301":0,"1302":0,"1303":0,"1307":0,"1308":0,"1309":0,"1310":0,"1312":0,"1313":0,"1314":0,"1315":0,"1316":0,"1317":0,"1321":0,"1322":0,"1323":0,"1324":0,"1325":0,"1326":0,"1330":0,"1331":0,"1332":0,"1333":0,"1334":0,"1335":0,"1336":0,"1339":0,"1340":0,"1345":0,"1348":0,"1352":0,"1356":1}},"/home/travis/build/npmtest/node-npmtest-couchbase/node_modules/couchbase/lib/mock/bucketmgr.js":{"path":"/home/travis/build/npmtest/node-npmtest-couchbase/node_modules/couchbase/lib/mock/bucketmgr.js","s":{"1":1,"2":0,"3":1,"4":0,"5":0,"6":0,"7":1,"8":0,"9":0,"10":0,"11":0,"12":0,"13":1,"14":0,"15":0,"16":0,"17":0,"18":0,"19":0,"20":0,"21":0,"22":0,"23":0,"24":0,"25":0,"26":0,"27":0,"28":0,"29":0,"30":0,"31":0,"32":0,"33":0,"34":0,"35":1,"36":0,"37":0,"38":0,"39":0,"40":0,"41":0,"42":0,"43":0,"44":0,"45":1,"46":0,"47":0,"48":0,"49":0,"50":1,"51":0,"52":0,"53":0,"54":0,"55":1},"b":{"1":[0,0],"2":[0,0],"3":[0,0],"4":[0,0],"5":[0,0],"6":[0,0],"7":[0,0]},"f":{"1":0,"2":0,"3":0,"4":0,"5":0,"6":0,"7":0,"8":0,"9":0,"10":0,"11":0,"12":0,"13":0},"fnMap":{"1":{"name":"BucketManager","line":3,"loc":{"start":{"line":3,"column":0},"end":{"line":3,"column":31}}},"2":{"name":"(anonymous_2)","line":7,"loc":{"start":{"line":7,"column":45},"end":{"line":7,"column":64}}},"3":{"name":"(anonymous_3)","line":9,"loc":{"start":{"line":9,"column":19},"end":{"line":9,"column":30}}},"4":{"name":"(anonymous_4)","line":14,"loc":{"start":{"line":14,"column":47},"end":{"line":14,"column":78}}},"5":{"name":"(anonymous_5)","line":16,"loc":{"start":{"line":16,"column":31},"end":{"line":16,"column":50}}},"6":{"name":"(anonymous_6)","line":24,"loc":{"start":{"line":24,"column":47},"end":{"line":24,"column":78}}},"7":{"name":"(anonymous_7)","line":26,"loc":{"start":{"line":26,"column":19},"end":{"line":26,"column":30}}},"8":{"name":"(anonymous_8)","line":60,"loc":{"start":{"line":60,"column":44},"end":{"line":60,"column":69}}},"9":{"name":"(anonymous_9)","line":62,"loc":{"start":{"line":62,"column":19},"end":{"line":62,"column":30}}},"10":{"name":"(anonymous_10)","line":74,"loc":{"start":{"line":74,"column":47},"end":{"line":74,"column":72}}},"11":{"name":"(anonymous_11)","line":76,"loc":{"start":{"line":76,"column":19},"end":{"line":76,"column":30}}},"12":{"name":"(anonymous_12)","line":82,"loc":{"start":{"line":82,"column":32},"end":{"line":82,"column":51}}},"13":{"name":"(anonymous_13)","line":84,"loc":{"start":{"line":84,"column":19},"end":{"line":84,"column":30}}}},"statementMap":{"1":{"start":{"line":3,"column":0},"end":{"line":5,"column":1}},"2":{"start":{"line":4,"column":2},"end":{"line":4,"column":24}},"3":{"start":{"line":7,"column":0},"end":{"line":12,"column":2}},"4":{"start":{"line":8,"column":2},"end":{"line":8,"column":18}},"5":{"start":{"line":9,"column":2},"end":{"line":11,"column":5}},"6":{"start":{"line":10,"column":4},"end":{"line":10,"column":39}},"7":{"start":{"line":14,"column":0},"end":{"line":22,"column":2}},"8":{"start":{"line":15,"column":2},"end":{"line":15,"column":18}},"9":{"start":{"line":16,"column":2},"end":{"line":21,"column":5}},"10":{"start":{"line":17,"column":4},"end":{"line":19,"column":5}},"11":{"start":{"line":18,"column":6},"end":{"line":18,"column":73}},"12":{"start":{"line":20,"column":4},"end":{"line":20,"column":52}},"13":{"start":{"line":24,"column":0},"end":{"line":58,"column":2}},"14":{"start":{"line":25,"column":2},"end":{"line":25,"column":18}},"15":{"start":{"line":26,"column":2},"end":{"line":57,"column":5}},"16":{"start":{"line":27,"column":4},"end":{"line":27,"column":22}},"17":{"start":{"line":29,"column":4},"end":{"line":54,"column":5}},"18":{"start":{"line":30,"column":6},"end":{"line":53,"column":7}},"19":{"start":{"line":31,"column":8},"end":{"line":34,"column":9}},"20":{"start":{"line":33,"column":10},"end":{"line":33,"column":19}},"21":{"start":{"line":36,"column":8},"end":{"line":36,"column":27}},"22":{"start":{"line":37,"column":8},"end":{"line":37,"column":39}},"23":{"start":{"line":39,"column":8},"end":{"line":39,"column":36}},"24":{"start":{"line":40,"column":8},"end":{"line":52,"column":9}},"25":{"start":{"line":41,"column":10},"end":{"line":51,"column":11}},"26":{"start":{"line":42,"column":12},"end":{"line":42,"column":37}},"27":{"start":{"line":43,"column":12},"end":{"line":46,"column":13}},"28":{"start":{"line":44,"column":14},"end":{"line":44,"column":61}},"29":{"start":{"line":45,"column":14},"end":{"line":45,"column":21}},"30":{"start":{"line":47,"column":12},"end":{"line":47,"column":70}},"31":{"start":{"line":48,"column":12},"end":{"line":50,"column":13}},"32":{"start":{"line":49,"column":14},"end":{"line":49,"column":78}},"33":{"start":{"line":55,"column":4},"end":{"line":55,"column":40}},"34":{"start":{"line":56,"column":4},"end":{"line":56,"column":25}},"35":{"start":{"line":60,"column":0},"end":{"line":72,"column":2}},"36":{"start":{"line":61,"column":2},"end":{"line":61,"column":18}},"37":{"start":{"line":62,"column":2},"end":{"line":71,"column":5}},"38":{"start":{"line":63,"column":4},"end":{"line":63,"column":40}},"39":{"start":{"line":64,"column":4},"end":{"line":67,"column":5}},"40":{"start":{"line":65,"column":6},"end":{"line":65,"column":45}},"41":{"start":{"line":66,"column":6},"end":{"line":66,"column":13}},"42":{"start":{"line":68,"column":4},"end":{"line":68,"column":19}},"43":{"start":{"line":69,"column":4},"end":{"line":69,"column":23}},"44":{"start":{"line":70,"column":4},"end":{"line":70,"column":26}},"45":{"start":{"line":74,"column":0},"end":{"line":80,"column":2}},"46":{"start":{"line":75,"column":2},"end":{"line":75,"column":18}},"47":{"start":{"line":76,"column":2},"end":{"line":79,"column":5}},"48":{"start":{"line":77,"column":4},"end":{"line":77,"column":36}},"49":{"start":{"line":78,"column":4},"end":{"line":78,"column":25}},"50":{"start":{"line":82,"column":0},"end":{"line":88,"column":2}},"51":{"start":{"line":83,"column":2},"end":{"line":83,"column":18}},"52":{"start":{"line":84,"column":2},"end":{"line":87,"column":5}},"53":{"start":{"line":85,"column":4},"end":{"line":85,"column":36}},"54":{"start":{"line":86,"column":4},"end":{"line":86,"column":25}},"55":{"start":{"line":90,"column":0},"end":{"line":90,"column":31}}},"branchMap":{"1":{"line":17,"type":"if","locations":[{"start":{"line":17,"column":4},"end":{"line":17,"column":4}},{"start":{"line":17,"column":4},"end":{"line":17,"column":4}}]},"2":{"line":30,"type":"if","locations":[{"start":{"line":30,"column":6},"end":{"line":30,"column":6}},{"start":{"line":30,"column":6},"end":{"line":30,"column":6}}]},"3":{"line":31,"type":"if","locations":[{"start":{"line":31,"column":8},"end":{"line":31,"column":8}},{"start":{"line":31,"column":8},"end":{"line":31,"column":8}}]},"4":{"line":41,"type":"if","locations":[{"start":{"line":41,"column":10},"end":{"line":41,"column":10}},{"start":{"line":41,"column":10},"end":{"line":41,"column":10}}]},"5":{"line":43,"type":"if","locations":[{"start":{"line":43,"column":12},"end":{"line":43,"column":12}},{"start":{"line":43,"column":12},"end":{"line":43,"column":12}}]},"6":{"line":48,"type":"if","locations":[{"start":{"line":48,"column":12},"end":{"line":48,"column":12}},{"start":{"line":48,"column":12},"end":{"line":48,"column":12}}]},"7":{"line":64,"type":"if","locations":[{"start":{"line":64,"column":4},"end":{"line":64,"column":4}},{"start":{"line":64,"column":4},"end":{"line":64,"column":4}}]}},"code":["'use strict';","","function BucketManager(bucket) {","  this._bucket = bucket;","}","","BucketManager.prototype.getDesignDocuments = function(callback) {","  var self = this;","  process.nextTick(function() {","    callback(null, self._bucket.ddocs);","  });","};","","BucketManager.prototype.insertDesignDocument = function(name, data, callback) {","  var self = this;","  this.getDesignDocument(name, function(err, res) {","    if (!err) {","      return callback(new Error('design document already exists'), null);","    }","    self.upsertDesignDocument(name, data, callback);","  });","};","","BucketManager.prototype.upsertDesignDocument = function(name, data, callback) {","  var self = this;","  process.nextTick(function() {","    var newViews = {};","","    for (var viewType in data) {","      if (data.hasOwnProperty(viewType)) {","        if (viewType !== 'views') {","          // Silently ignore spatial views","          continue;","        }","","        var newViewsT = {};","        newViews[viewType] = newViewsT;","","        var mrList = data[viewType];","        for (var viewName in mrList) {","          if (mrList.hasOwnProperty(viewName)) {","            newViewsT[viewName] = {};","            if (!mrList[viewName].map) {","              callback(new Error('invalid view data'), null);","              return;","            }","            newViewsT[viewName].map = mrList[viewName].map.toString();","            if (mrList[viewName].reduce) {","              newViewsT[viewName].reduce = mrList[viewName].reduce.toString();","            }","          }","        }","      }","    }","    self._bucket.ddocs[name] = newViews;","    callback(null, true);","  });","};","","BucketManager.prototype.getDesignDocument = function(name, callback) {","  var self = this;","  process.nextTick(function() {","    var ddoc = self._bucket.ddocs[name];","    if (!ddoc) {","      callback(new Error('not_found'), null);","      return;","    }","    var ddocs = {};","    ddocs[name] = ddoc;","    callback(null, ddocs);","  });","};","","BucketManager.prototype.removeDesignDocument = function(name, callback) {","  var self = this;","  process.nextTick(function() {","    delete self._bucket.ddocs[name];","    callback(null, true);","  });","};","","BucketManager.prototype.flush = function(callback) {","  var self = this;","  process.nextTick(function() {","    self._bucket.storage.items = {};","    callback(null, true);","  });","};","","module.exports = BucketManager;",""],"l":{"3":1,"4":0,"7":1,"8":0,"9":0,"10":0,"14":1,"15":0,"16":0,"17":0,"18":0,"20":0,"24":1,"25":0,"26":0,"27":0,"29":0,"30":0,"31":0,"33":0,"36":0,"37":0,"39":0,"40":0,"41":0,"42":0,"43":0,"44":0,"45":0,"47":0,"48":0,"49":0,"55":0,"56":0,"60":1,"61":0,"62":0,"63":0,"64":0,"65":0,"66":0,"68":0,"69":0,"70":0,"74":1,"75":0,"76":0,"77":0,"78":0,"82":1,"83":0,"84":0,"85":0,"86":0,"90":1}},"/home/travis/build/npmtest/node-npmtest-couchbase/node_modules/couchbase/lib/mock/error.js":{"path":"/home/travis/build/npmtest/node-npmtest-couchbase/node_modules/couchbase/lib/mock/error.js","s":{"1":1,"2":0,"3":0,"4":0,"5":0,"6":1,"7":1},"b":{},"f":{"1":0},"fnMap":{"1":{"name":"CbError","line":3,"loc":{"start":{"line":3,"column":0},"end":{"line":3,"column":32}}}},"statementMap":{"1":{"start":{"line":3,"column":0},"end":{"line":8,"column":1}},"2":{"start":{"line":4,"column":2},"end":{"line":4,"column":50}},"3":{"start":{"line":5,"column":2},"end":{"line":5,"column":36}},"4":{"start":{"line":6,"column":2},"end":{"line":6,"column":25}},"5":{"start":{"line":7,"column":2},"end":{"line":7,"column":19}},"6":{"start":{"line":9,"column":0},"end":{"line":9,"column":46}},"7":{"start":{"line":11,"column":0},"end":{"line":11,"column":25}}},"branchMap":{},"code":["'use strict';","","function CbError(message, code) {","  Error.captureStackTrace(this, this.constructor);","  this.name = this.constructor.name;","  this.message = message;","  this.code = code;","}","CbError.prototype.__proto__ = Error.prototype;","","module.exports = CbError;",""],"l":{"3":1,"4":0,"5":0,"6":0,"7":0,"9":1,"11":1}},"/home/travis/build/npmtest/node-npmtest-couchbase/node_modules/couchbase/lib/mock/clustermgr.js":{"path":"/home/travis/build/npmtest/node-npmtest-couchbase/node_modules/couchbase/lib/mock/clustermgr.js","s":{"1":1,"2":0,"3":0,"4":0,"5":1,"6":0,"7":0,"8":1},"b":{},"f":{"1":0,"2":0,"3":0},"fnMap":{"1":{"name":"MockClusterManagement","line":3,"loc":{"start":{"line":3,"column":0},"end":{"line":3,"column":60}}},"2":{"name":"(anonymous_2)","line":9,"loc":{"start":{"line":9,"column":46},"end":{"line":9,"column":65}}},"3":{"name":"(anonymous_3)","line":11,"loc":{"start":{"line":11,"column":19},"end":{"line":11,"column":30}}}},"statementMap":{"1":{"start":{"line":3,"column":0},"end":{"line":7,"column":1}},"2":{"start":{"line":4,"column":2},"end":{"line":4,"column":26}},"3":{"start":{"line":5,"column":2},"end":{"line":5,"column":28}},"4":{"start":{"line":6,"column":2},"end":{"line":6,"column":28}},"5":{"start":{"line":9,"column":0},"end":{"line":14,"column":2}},"6":{"start":{"line":11,"column":2},"end":{"line":13,"column":5}},"7":{"start":{"line":12,"column":4},"end":{"line":12,"column":23}},"8":{"start":{"line":16,"column":0},"end":{"line":16,"column":39}}},"branchMap":{},"code":["'use strict';","","function MockClusterManagement(cluster, username, password) {","  this._cluster = cluster;","  this._username = username;","  this._password = password;","}","","MockClusterManagement.prototype.listBuckets = function(callback) {","  // TODO: Implement this","  process.nextTick(function() {","    callback(null, []);","  });","};","","module.exports = MockClusterManagement;",""],"l":{"3":1,"4":0,"5":0,"6":0,"9":1,"11":0,"12":0,"16":1}}}